[    0.000000] Linux version 4.15.0-212-generic (buildd@lcy02-amd64-083) (gcc version 7.5.0 (Ubuntu 7.5.0-3ubuntu1~18.04)) #223-Ubuntu SMP Tue May 23 13:09:22 UTC 2023 (Ubuntu 4.15.0-212.223-generic 4.15.18)
[    0.000000] Command line: BOOT_IMAGE=/boot/vmlinuz-4.15.0-212-generic root=LABEL=cloudimg-rootfs ro console=tty1 console=ttyS0
[    0.000000] KERNEL supported cpus:
[    0.000000]   Intel GenuineIntel
[    0.000000]   AMD AuthenticAMD
[    0.000000]   Centaur CentaurHauls
[    0.000000] [Firmware Bug]: TSC doesn't count with P0 frequency!
[    0.000000] x86/fpu: Supporting XSAVE feature 0x001: 'x87 floating point registers'
[    0.000000] x86/fpu: Supporting XSAVE feature 0x002: 'SSE registers'
[    0.000000] x86/fpu: Supporting XSAVE feature 0x004: 'AVX registers'
[    0.000000] x86/fpu: xstate_offset[2]:  576, xstate_sizes[2]:  256
[    0.000000] x86/fpu: Enabled xstate features 0x7, context size is 832 bytes, using 'standard' format.
[    0.000000] e820: BIOS-provided physical RAM map:
[    0.000000] BIOS-e820: [mem 0x0000000000000000-0x000000000009fbff] usable
[    0.000000] BIOS-e820: [mem 0x000000000009fc00-0x000000000009ffff] reserved
[    0.000000] BIOS-e820: [mem 0x00000000000f0000-0x00000000000fffff] reserved
[    0.000000] BIOS-e820: [mem 0x0000000000100000-0x00000000dffeffff] usable
[    0.000000] BIOS-e820: [mem 0x00000000dfff0000-0x00000000dfffffff] ACPI data
[    0.000000] BIOS-e820: [mem 0x00000000fec00000-0x00000000fec00fff] reserved
[    0.000000] BIOS-e820: [mem 0x00000000fee00000-0x00000000fee00fff] reserved
[    0.000000] BIOS-e820: [mem 0x00000000fffc0000-0x00000000ffffffff] reserved
[    0.000000] BIOS-e820: [mem 0x0000000100000000-0x000000011fffffff] usable
[    0.000000] NX (Execute Disable) protection: active
[    0.000000] SMBIOS 2.5 present.
[    0.000000] DMI: innotek GmbH VirtualBox/VirtualBox, BIOS VirtualBox 12/01/2006
[    0.000000] Hypervisor detected: KVM
[    0.000000] e820: last_pfn = 0x120000 max_arch_pfn = 0x400000000
[    0.000000] MTRR: Disabled
[    0.000000] x86/PAT: MTRRs disabled, skipping PAT initialization too.
[    0.000000] CPU MTRRs all blank - virtualized system.
[    0.000000] x86/PAT: Configuration [0-7]: WB  WT  UC- UC  WB  WT  UC- UC  
[    0.000000] e820: last_pfn = 0xdfff0 max_arch_pfn = 0x400000000
[    0.000000] found SMP MP-table at [mem 0x0009fff0-0x0009ffff]
[    0.000000] Scanning 1 areas for low memory corruption
[    0.000000] RAMDISK: [mem 0x359cb000-0x36cdcfff]
[    0.000000] ACPI: Early table checksum verification disabled
[    0.000000] ACPI: RSDP 0x00000000000E0000 000024 (v02 VBOX  )
[    0.000000] ACPI: XSDT 0x00000000DFFF0030 00003C (v01 VBOX   VBOXXSDT 00000001 ASL  00000061)
[    0.000000] ACPI: FACP 0x00000000DFFF00F0 0000F4 (v04 VBOX   VBOXFACP 00000001 ASL  00000061)
[    0.000000] ACPI: DSDT 0x00000000DFFF0610 002353 (v02 VBOX   VBOXBIOS 00000002 INTL 20100528)
[    0.000000] ACPI: FACS 0x00000000DFFF0200 000040
[    0.000000] ACPI: FACS 0x00000000DFFF0200 000040
[    0.000000] ACPI: APIC 0x00000000DFFF0240 00005C (v02 VBOX   VBOXAPIC 00000001 ASL  00000061)
[    0.000000] ACPI: SSDT 0x00000000DFFF02A0 00036C (v01 VBOX   VBOXCPUT 00000002 INTL 20100528)
[    0.000000] ACPI: Reserving FACP table memory at [mem 0xdfff00f0-0xdfff01e3]
[    0.000000] ACPI: Reserving DSDT table memory at [mem 0xdfff0610-0xdfff2962]
[    0.000000] ACPI: Reserving FACS table memory at [mem 0xdfff0200-0xdfff023f]
[    0.000000] ACPI: Reserving FACS table memory at [mem 0xdfff0200-0xdfff023f]
[    0.000000] ACPI: Reserving APIC table memory at [mem 0xdfff0240-0xdfff029b]
[    0.000000] ACPI: Reserving SSDT table memory at [mem 0xdfff02a0-0xdfff060b]
[    0.000000] No NUMA configuration found
[    0.000000] Faking a node at [mem 0x0000000000000000-0x000000011fffffff]
[    0.000000] NODE_DATA(0) allocated [mem 0x11ffd1000-0x11fffbfff]
[    0.000000] kvm-clock: cpu 0, msr 1:1ff50001, primary cpu clock
[    0.000000] kvm-clock: Using msrs 4b564d01 and 4b564d00
[    0.000000] kvm-clock: using sched offset of 3549871423 cycles
[    0.000000] clocksource: kvm-clock: mask: 0xffffffffffffffff max_cycles: 0x1cd42e4dffb, max_idle_ns: 881590591483 ns
[    0.000000] Zone ranges:
[    0.000000]   DMA      [mem 0x0000000000001000-0x0000000000ffffff]
[    0.000000]   DMA32    [mem 0x0000000001000000-0x00000000ffffffff]
[    0.000000]   Normal   [mem 0x0000000100000000-0x000000011fffffff]
[    0.000000]   Device   empty
[    0.000000] Movable zone start for each node
[    0.000000] Early memory node ranges
[    0.000000]   node   0: [mem 0x0000000000001000-0x000000000009efff]
[    0.000000]   node   0: [mem 0x0000000000100000-0x00000000dffeffff]
[    0.000000]   node   0: [mem 0x0000000100000000-0x000000011fffffff]
[    0.000000] Reserved but unavailable: 104 pages
[    0.000000] Initmem setup node 0 [mem 0x0000000000001000-0x000000011fffffff]
[    0.000000] ACPI: PM-Timer IO Port: 0x4008
[    0.000000] IOAPIC[0]: apic_id 2, version 32, address 0xfec00000, GSI 0-23
[    0.000000] ACPI: INT_SRC_OVR (bus 0 bus_irq 0 global_irq 2 dfl dfl)
[    0.000000] ACPI: INT_SRC_OVR (bus 0 bus_irq 9 global_irq 9 low level)
[    0.000000] Using ACPI (MADT) for SMP configuration information
[    0.000000] smpboot: Allowing 2 CPUs, 0 hotplug CPUs
[    0.000000] PM: Registered nosave memory: [mem 0x00000000-0x00000fff]
[    0.000000] PM: Registered nosave memory: [mem 0x0009f000-0x0009ffff]
[    0.000000] PM: Registered nosave memory: [mem 0x000a0000-0x000effff]
[    0.000000] PM: Registered nosave memory: [mem 0x000f0000-0x000fffff]
[    0.000000] PM: Registered nosave memory: [mem 0xdfff0000-0xdfffffff]
[    0.000000] PM: Registered nosave memory: [mem 0xe0000000-0xfebfffff]
[    0.000000] PM: Registered nosave memory: [mem 0xfec00000-0xfec00fff]
[    0.000000] PM: Registered nosave memory: [mem 0xfec01000-0xfedfffff]
[    0.000000] PM: Registered nosave memory: [mem 0xfee00000-0xfee00fff]
[    0.000000] PM: Registered nosave memory: [mem 0xfee01000-0xfffbffff]
[    0.000000] PM: Registered nosave memory: [mem 0xfffc0000-0xffffffff]
[    0.000000] e820: [mem 0xe0000000-0xfebfffff] available for PCI devices
[    0.000000] Booting paravirtualized kernel on KVM
[    0.000000] clocksource: refined-jiffies: mask: 0xffffffff max_cycles: 0xffffffff, max_idle_ns: 7645519600211568 ns
[    0.000000] setup_percpu: NR_CPUS:8192 nr_cpumask_bits:2 nr_cpu_ids:2 nr_node_ids:1
[    0.000000] percpu: Embedded 50 pages/cpu s167936 r8192 d28672 u1048576
[    0.000000] PV qspinlock hash table entries: 256 (order: 0, 4096 bytes)
[    0.000000] Built 1 zonelists, mobility grouping on.  Total pages: 1032057
[    0.000000] Policy zone: Normal
[    0.000000] Kernel command line: BOOT_IMAGE=/boot/vmlinuz-4.15.0-212-generic root=LABEL=cloudimg-rootfs ro console=tty1 console=ttyS0
[    0.000000] Memory: 4013252K/4193848K available (12300K kernel code, 2477K rwdata, 4324K rodata, 2480K init, 2720K bss, 180596K reserved, 0K cma-reserved)
[    0.000000] SLUB: HWalign=64, Order=0-3, MinObjects=0, CPUs=2, Nodes=1
[    0.000000] ftrace: allocating 39508 entries in 155 pages
[    0.004000] Hierarchical RCU implementation.
[    0.004000] 	RCU restricting CPUs from NR_CPUS=8192 to nr_cpu_ids=2.
[    0.004000] 	Tasks RCU enabled.
[    0.004000] RCU: Adjusting geometry for rcu_fanout_leaf=16, nr_cpu_ids=2
[    0.004000] NR_IRQS: 524544, nr_irqs: 440, preallocated irqs: 16
[    0.004000] random: crng init done
[    0.004000] Console: colour VGA+ 80x25
[    0.004000] console [tty1] enabled
[    0.004000] console [ttyS0] enabled
[    0.004000] ACPI: Core revision 20170831
[    0.004000] ACPI: 2 ACPI AML tables successfully acquired and loaded
[    0.004000] APIC: Switch to symmetric I/O mode setup
[    0.004000] x2apic enabled
[    0.004000] Switched APIC routing to physical x2apic.
[    0.004000] ..TIMER: vector=0x30 apic1=0 pin1=2 apic2=-1 pin2=-1
[    0.004000] tsc: Detected 3293.814 MHz processor
[    0.004000] Calibrating delay loop (skipped) preset value.. 6587.62 BogoMIPS (lpj=13175256)
[    0.004000] pid_max: default: 32768 minimum: 301
[    0.004000] Security Framework initialized
[    0.004000] Yama: becoming mindful.
[    0.004000] AppArmor: AppArmor initialized
[    0.008206] Dentry cache hash table entries: 524288 (order: 10, 4194304 bytes)
[    0.012211] Inode-cache hash table entries: 262144 (order: 9, 2097152 bytes)
[    0.014341] Mount-cache hash table entries: 8192 (order: 4, 65536 bytes)
[    0.016016] Mountpoint-cache hash table entries: 8192 (order: 4, 65536 bytes)
[    0.018530] Last level iTLB entries: 4KB 512, 2MB 512, 4MB 256
[    0.020003] Last level dTLB entries: 4KB 2048, 2MB 2048, 4MB 1024, 1GB 0
[    0.024003] Spectre V1 : Mitigation: usercopy/swapgs barriers and __user pointer sanitization
[    0.026511] Spectre V2 : Mitigation: Retpolines
[    0.028002] Spectre V2 : Spectre v2 / SpectreRSB mitigation: Filling RSB on context switch
[    0.030429] Spectre V2 : Spectre v2 / SpectreRSB : Filling RSB on VMEXIT
[    0.032362] Freeing SMP alternatives memory: 36K
[    0.155959] APIC calibration not consistent with PM-Timer: 101ms instead of 100ms
[    0.156000] APIC delta adjusted to PM-Timer: 6354450 (6474917)
[    0.156097] smpboot: CPU0: AMD Ryzen 5 5600H with Radeon Graphics (family: 0x19, model: 0x50, stepping: 0x0)
[    0.159036] Performance Events: PMU not available due to virtualization, using software events only.
[    0.160051] Hierarchical SRCU implementation.
[    0.164623] NMI watchdog: Perf event create on CPU 0 failed with -2
[    0.166463] NMI watchdog: Perf NMI watchdog permanently disabled
[    0.168081] smp: Bringing up secondary CPUs ...
[    0.170484] x86: Booting SMP configuration:
[    0.172000] .... node  #0, CPUs:      #1
[    0.004000] kvm-clock: cpu 1, msr 1:1ff50041, secondary cpu clock
[    0.176029] smp: Brought up 1 node, 2 CPUs
[    0.177328] smpboot: Max logical packages: 1
[    0.178611] smpboot: Total of 2 processors activated (13175.25 BogoMIPS)
[    0.180192] devtmpfs: initialized
[    0.181183] x86/mm: Memory block size: 128MB
[    0.183143] evm: security.selinux
[    0.184004] evm: security.SMACK64
[    0.185201] evm: security.SMACK64EXEC
[    0.186482] evm: security.SMACK64TRANSMUTE
[    0.188003] evm: security.SMACK64MMAP
[    0.189180] evm: security.apparmor
[    0.190264] evm: security.ima
[    0.192002] evm: security.capability
[    0.193169] clocksource: jiffies: mask: 0xffffffff max_cycles: 0xffffffff, max_idle_ns: 7645041785100000 ns
[    0.196013] futex hash table entries: 512 (order: 3, 32768 bytes)
[    0.197914] pinctrl core: initialized pinctrl subsystem
[    0.199661] RTC time: 19:29:47, date: 03/10/25
[    0.200200] NET: Registered protocol family 16
[    0.201707] audit: initializing netlink subsys (disabled)
[    0.204056] audit: type=2000 audit(1741634992.591:1): state=initialized audit_enabled=0 res=1
[    0.208005] cpuidle: using governor ladder
[    0.208028] cpuidle: using governor menu
[    0.209487] ACPI: bus type PCI registered
[    0.209487] acpiphp: ACPI Hot Plug PCI Controller Driver version: 0.5
[    0.212127] PCI: Using configuration type 1 for base access
[    0.213455] PCI: Using configuration type 1 for extended access
[    0.217171] HugeTLB registered 2.00 MiB page size, pre-allocated 0 pages
[    0.220122] ACPI: Added _OSI(Module Device)
[    0.221388] ACPI: Added _OSI(Processor Device)
[    0.222695] ACPI: Added _OSI(3.0 _SCP Extensions)
[    0.224000] ACPI: Added _OSI(Processor Aggregator Device)
[    0.224014] ACPI: Added _OSI(Linux-Dell-Video)
[    0.225356] ACPI: Added _OSI(Linux-Lenovo-NV-HDMI-Audio)
[    0.228018] ACPI: Added _OSI(Linux-HPI-Hybrid-Graphics)
[    0.230048] ACPI: Executed 1 blocks of module-level executable AML code
[    0.235677] ACPI: Interpreter enabled
[    0.236019] ACPI: (supports S0 S5)
[    0.237093] ACPI: Using IOAPIC for interrupt routing
[    0.238604] PCI: Using host bridge windows from ACPI; if necessary, use "pci=nocrs" and report a bug
[    0.240213] ACPI: Enabled 2 GPEs in block 00 to 07
[    0.250879] ACPI: PCI Root Bridge [PCI0] (domain 0000 [bus 00-ff])
[    0.252010] acpi PNP0A03:00: _OSC: OS supports [ExtendedConfig ASPM ClockPM Segments MSI]
[    0.255353] acpi PNP0A03:00: _OSC: platform does not support [PCIeCapability]
[    0.256587] acpi PNP0A03:00: _OSC: not requesting control; platform does not support [PCIeCapability]
[    0.258776] acpi PNP0A03:00: _OSC: OS requested [PCIeHotplug PME AER PCIeCapability]
[    0.260004] acpi PNP0A03:00: _OSC: platform willing to grant [PCIeHotplug PME AER]
[    0.261825] acpi PNP0A03:00: _OSC failed (AE_SUPPORT); disabling ASPM
[    0.264560] PCI host bridge to bus 0000:00
[    0.265655] pci_bus 0000:00: root bus resource [io  0x0000-0x0cf7 window]
[    0.268006] pci_bus 0000:00: root bus resource [io  0x0d00-0xffff window]
[    0.269640] pci_bus 0000:00: root bus resource [mem 0x000a0000-0x000bffff window]
[    0.272007] pci_bus 0000:00: root bus resource [mem 0xe0000000-0xfdffffff window]
[    0.274241] pci_bus 0000:00: root bus resource [bus 00-ff]
[    0.279272] pci 0000:00:01.1: legacy IDE quirk: reg 0x10: [io  0x01f0-0x01f7]
[    0.280005] pci 0000:00:01.1: legacy IDE quirk: reg 0x14: [io  0x03f6]
[    0.281894] pci 0000:00:01.1: legacy IDE quirk: reg 0x18: [io  0x0170-0x0177]
[    0.284004] pci 0000:00:01.1: legacy IDE quirk: reg 0x1c: [io  0x0376]
[    0.317044] pci 0000:00:07.0: quirk: [io  0x4000-0x403f] claimed by PIIX4 ACPI
[    0.319357] pci 0000:00:07.0: quirk: [io  0x4100-0x410f] claimed by PIIX4 SMB
[    0.349172] ACPI: PCI Interrupt Link [LNKA] (IRQs 5 9 10 *11)
[    0.351095] ACPI: PCI Interrupt Link [LNKB] (IRQs 5 9 *10 11)
[    0.352169] ACPI: PCI Interrupt Link [LNKC] (IRQs 5 *9 10 11)
[    0.353797] ACPI: PCI Interrupt Link [LNKD] (IRQs 5 9 10 *11)
[    0.356441] SCSI subsystem initialized
[    0.357660] pci 0000:00:02.0: vgaarb: setting as boot VGA device
[    0.357869] pci 0000:00:02.0: vgaarb: VGA device added: decodes=io+mem,owns=io+mem,locks=none
[    0.360007] pci 0000:00:02.0: vgaarb: bridge control possible
[    0.364003] vgaarb: loaded
[    0.365004] ACPI: bus type USB registered
[    0.368026] usbcore: registered new interface driver usbfs
[    0.369706] usbcore: registered new interface driver hub
[    0.371357] usbcore: registered new device driver usb
[    0.372061] EDAC MC: Ver: 3.0.0
[    0.376090] PCI: Using ACPI for IRQ routing
[    0.377969] NetLabel: Initializing
[    0.379067] NetLabel:  domain hash size = 128
[    0.380004] NetLabel:  protocols = UNLABELED CIPSOv4 CALIPSO
[    0.381684] NetLabel:  unlabeled traffic allowed by default
[    0.384129] clocksource: Switched to clocksource kvm-clock
[    0.389784] VFS: Disk quotas dquot_6.6.0
[    0.389784] VFS: Dquot-cache hash table entries: 512 (order 0, 4096 bytes)
[    0.389784] AppArmor: AppArmor Filesystem Enabled
[    0.389784] pnp: PnP ACPI init
[    0.389784] pnp: PnP ACPI: found 3 devices
[    0.427447] clocksource: acpi_pm: mask: 0xffffff max_cycles: 0xffffff, max_idle_ns: 2085701024 ns
[    0.428397] NET: Registered protocol family 2
[    0.428397] IP idents hash table entries: 65536 (order: 7, 524288 bytes)
[    0.432983] TCP established hash table entries: 32768 (order: 6, 262144 bytes)
[    0.434890] TCP bind hash table entries: 32768 (order: 7, 524288 bytes)
[    0.437650] TCP: Hash tables configured (established 32768 bind 32768)
[    0.439335] UDP hash table entries: 2048 (order: 4, 65536 bytes)
[    0.440478] UDP-Lite hash table entries: 2048 (order: 4, 65536 bytes)
[    0.440478] NET: Registered protocol family 1
[    0.440478] pci 0000:00:00.0: Limiting direct PCI/PCI transfers
[    0.440478] pci 0000:00:01.0: Activating ISA DMA hang workarounds
[    0.440478] pci 0000:00:02.0: Video device with shadowed ROM at [mem 0x000c0000-0x000dffff]
[    0.440478] Unpacking initramfs...
[    0.440478] Freeing initrd memory: 19528K
[    0.440478] PCI-DMA: Using software bounce buffering for IO (SWIOTLB)
[    0.440478] software IO TLB: mapped [mem 0xdbff0000-0xdfff0000] (64MB)
[    0.440478] clocksource: tsc: mask: 0xffffffffffffffff max_cycles: 0x2f7a78d8787, max_idle_ns: 440795347541 ns
[    0.440478] platform rtc_cmos: registered platform RTC device (no PNP device found)
[    0.440478] Scanning for low memory corruption every 60 seconds
[    0.902856] Initialise system trusted keyrings
[    0.904548] Key type blacklist registered
[    0.906190] workingset: timestamp_bits=36 max_order=20 bucket_order=0
[    0.911102] zbud: loaded
[    0.912628] squashfs: version 4.0 (2009/01/31) Phillip Lougher
[    0.914392] fuse init (API version 7.26)
[    0.920303] Key type asymmetric registered
[    0.921655] Asymmetric key parser 'x509' registered
[    0.923225] Block layer SCSI generic (bsg) driver version 0.4 loaded (major 246)
[    0.925715] io scheduler noop registered
[    0.926836] io scheduler deadline registered
[    0.927916] io scheduler cfq registered (default)
[    0.929464] ACPI: AC Adapter [AC] (off-line)
[    0.930580] input: Power Button as /devices/LNXSYSTM:00/LNXPWRBN:00/input/input0
[    0.932470] ACPI: Power Button [PWRF]
[    0.933486] input: Sleep Button as /devices/LNXSYSTM:00/LNXSLPBN:00/input/input1
[    0.935276] ACPI: Sleep Button [SLPF]
[    0.936604] Serial: 8250/16550 driver, 32 ports, IRQ sharing enabled
[    0.937409] ACPI: Battery Slot [BAT0] (battery present)
[    0.960647] 00:02: ttyS0 a I/O 0x3f8 (irq = 4, base_baud = 115200)is a 16550A
[    0.967532] Linux agpgart interface v0.103
[    0.972461] loop: module loaded
[    0.974510] scsi host0: ata_piix
[    0.975907] scsi host1: ata_piix
[    0.977059] ata1: PATA max UDMA/33 cmd 0x1f0 ctl 0x3f6 bmdma 0xd000 irq 14
[    0.979063] ata2: PATA max UDMA/33 cmd 0x170 ctl 0x376 bmdma 0xd008 irq 15
[    0.982130] tun: Universal TUN/TAP device driver, 1.6
[    0.983756] PPP generic driver version 2.4.2
[    0.985023] ehci_hcd: USB 2.0 'Enhanced' Host Controller (EHCI) Driver
[    0.986611] ehci-pci: EHCI PCI platform driver
[    0.987851] ehci-platform: EHCI generic platform driver
[    0.989147] ohci_hcd: USB 1.1 'Open' Host Controller (OHCI) Driver
[    0.990645] ohci-pci: OHCI PCI platform driver
[    0.991783] ohci-platform: OHCI generic platform driver
[    0.993313] uhci_hcd: USB Universal Host Controller Interface driver
[    0.995261] i8042: PNP: PS/2 Controller [PNP0303:PS2K,PNP0f03:PS2M] at 0x60,0x64 irq 1,12
[    0.998767] serio: i8042 KBD port at 0x60,0x64 irq 1
[    1.000329] serio: i8042 AUX port at 0x60,0x64 irq 12
[    1.002216] mousedev: PS/2 mouse device common for all mice
[    1.004612] input: AT Translated Set 2 keyboard as /devices/platform/i8042/serio0/input/input2
[    1.007907] rtc_cmos rtc_cmos: rtc core: registered rtc_cmos as rtc0
[    1.009931] rtc_cmos rtc_cmos: alarms up to one day, 114 bytes nvram
[    1.011838] i2c /dev entries driver
[    1.013043] device-mapper: uevent: version 1.0.3
[    1.014672] device-mapper: ioctl: 4.37.0-ioctl (2017-09-20) initialised: dm-devel@redhat.com
[    1.017471] ledtrig-cpu: registered to indicate activity on CPUs
[    1.019845] NET: Registered protocol family 10
[    1.026655] Segment Routing with IPv6
[    1.027865] NET: Registered protocol family 17
[    1.029401] Key type dns_resolver registered
[    1.031025] mce: Using 0 MCE banks
[    1.032176] RAS: Correctable Errors collector initialized.
[    1.033838] sched_clock: Marking stable (1032146965, 0)->(1431903890, -399756925)
[    1.036828] registered taskstats version 1
[    1.038178] Loading compiled-in X.509 certificates
[    1.043101] Loaded X.509 cert 'Build time autogenerated kernel key: b5b26778eaa3ab3a4a6cee031137706e947d12ad'
[    1.047040] Loaded X.509 cert 'Canonical Ltd. Live Patch Signing: 14df34d1a87cf37625abec039ef2bf521249b969'
[    1.050808] Loaded X.509 cert 'Canonical Ltd. Kernel Module Signing: 88f752e560a1e0737e31163a466ad7b70a850c19'
[    1.053863] blacklist: Loading compiled-in revocation X.509 certificates
[    1.055990] Loaded X.509 cert 'Canonical Ltd. Secure Boot Signing: 61482aa2830d0ab2ad5af10b7250da9033ddcef0'
[    1.059015] Loaded X.509 cert 'Canonical Ltd. Secure Boot Signing (2017): 242ade75ac4a15e50d50c84b0d45ff3eae707a03'
[    1.062139] Loaded X.509 cert 'Canonical Ltd. Secure Boot Signing (ESM 2018): 365188c1d374d6b07c3c8f240f8ef722433d6a8b'
[    1.065277] Loaded X.509 cert 'Canonical Ltd. Secure Boot Signing (2019): c0746fd6c5da3ae827864651ad66ae47fe24b3e8'
[    1.068505] Loaded X.509 cert 'Canonical Ltd. Secure Boot Signing (2021 v1): a8d54bbb3825cfb94fa13c9f8a594a195c107b8d'
[    1.071680] Loaded X.509 cert 'Canonical Ltd. Secure Boot Signing (2021 v2): 4cf046892d6fd3c9a5b03f98d845f90851dc6a8c'
[    1.074845] Loaded X.509 cert 'Canonical Ltd. Secure Boot Signing (2021 v3): 100437bb6de6e469b581e61cd66bce3ef4ed53af'
[    1.077977] Loaded X.509 cert 'Canonical Ltd. Secure Boot Signing (Ubuntu Core 2019): c1d57b8f6b743f23ee41f4f7ee292f06eecadfb9'
[    1.081330] zswap: loaded using pool lzo/zbud
[    1.087541] Key type big_key registered
[    1.088627] Key type trusted registered
[    1.091703] Key type encrypted registered
[    1.092725] AppArmor: AppArmor sha1 policy hashing enabled
[    1.093982] ima: No TPM chip found, activating TPM-bypass! (rc=-19)
[    1.095423] ima: Allocated hash algorithm: sha1
[    1.096506] evm: HMAC attrs: 0x1
[    1.097649]   Magic number: 1:674:495
[    1.098983] rtc_cmos rtc_cmos: setting system clock to 2025-03-10 19:29:48 UTC (1741634988)
[    1.101807] BIOS EDD facility v0.16 2004-Jun-25, 0 devices found
[    1.103738] EDD information not available.
[    1.169238] Freeing unused kernel image memory: 2480K
[    1.184032] Write protecting the kernel read-only data: 20480k
[    1.186569] Freeing unused kernel image memory: 2008K
[    1.188597] Freeing unused kernel image memory: 1820K
[    1.204589] x86/mm: Checked W+X mappings: passed, no W+X pages found.
Loading, please wait...
starting version 237
[    1.310268] Fusion MPT base driver 3.04.20
[    1.316642] Copyright (c) 1999-2008 LSI Corporation
[    1.325006] e1000: Intel(R) PRO/1000 Network Driver - version 7.3.21-k8-NAPI
[    1.327134] e1000: Copyright (c) 1999-2006 Intel Corporation.
[    1.349823] Fusion MPT SPI Host driver 3.04.20
[    1.358078] AVX2 version of gcm_enc/dec engaged.
[    1.359539] AES CTR mode by8 optimization enabled
[    1.562954] input: ImExPS/2 Generic Explorer Mouse as /devices/platform/i8042/serio1/input/input4
[    1.984192] e1000 0000:00:03.0 eth0: (PCI:33MHz:32-bit) 02:3b:7b:b7:3b:2d
[    1.986466] e1000 0000:00:03.0 eth0: Intel(R) PRO/1000 Network Connection
[    1.990257] mptbase: ioc0: Initiating bringup
[    2.096973] ioc0: LSI53C1030 A0: Capabilities={Initiator}
[    2.338622] scsi host2: ioc0: LSI53C1030 A0, FwRev=00000000h, Ports=1, MaxQ=256, IRQ=20
[    2.604852] scsi 2:0:0:0: Direct-Access     VBOX     HARDDISK         1.0  PQ: 0 ANSI: 5
[    2.868189] scsi target2:0:0: Beginning Domain Validation
[    2.871554] scsi target2:0:0: Domain Validation skipping write tests
[    2.873509] scsi target2:0:0: Ending Domain Validation
[    2.875227] scsi target2:0:0: asynchronous
[    2.877196] scsi 2:0:1:0: Direct-Access     VBOX     HARDDISK         1.0  PQ: 0 ANSI: 5
[    3.223696] scsi target2:0:1: Beginning Domain Validation
[    3.227647] scsi target2:0:1: Domain Validation skipping write tests
[    3.229685] scsi target2:0:1: Ending Domain Validation
[    3.231471] scsi target2:0:1: asynchronous
[    3.238952] sd 2:0:0:0: Attached scsi generic sg0 type 0
[    3.240765] sd 2:0:0:0: [sda] 83886080 512-byte logical blocks: (42.9 GB/40.0 GiB)
[    3.242797] sd 2:0:0:0: [sda] Write Protect is off
[    3.243197] sd 2:0:1:0: [sdb] 20480 512-byte logical blocks: (10.5 MB/10.0 MiB)
[    3.246457] sd 2:0:0:0: [sda] Incomplete mode parameter data
[    3.248289] sd 2:0:0:0: [sda] Assuming drive cache: write through
[    3.251670] sd 2:0:1:0: [sdb] Write Protect is off
[    3.251687] sd 2:0:1:0: Attached scsi generic sg1 type 0
[    3.254815] sd 2:0:1:0: [sdb] Incomplete mode parameter data
[    3.256847] sd 2:0:1:0: [sdb] Assuming drive cache: write through
[    3.266527] e1000 0000:00:08.0 eth1: (PCI:33MHz:32-bit) 08:00:27:be:a6:9c
[    3.268207] e1000 0000:00:08.0 eth1: Intel(R) PRO/1000 Network Connection
[    3.270344]  sda: sda1
[    3.271930] sd 2:0:0:0: [sda] Attached SCSI disk
[    3.272660] sd 2:0:1:0: [sdb] Attached SCSI disk
[    3.276036] e1000 0000:00:08.0 enp0s8: renamed from eth1
[    3.293629] e1000 0000:00:03.0 enp0s3: renamed from eth0
Begin: Loading essential drivers ... [    5.169687] raid6: sse2x1   gen()  3786 MB/s
[    5.234721] raid6: sse2x1   xor()  3949 MB/s
[    5.300110] raid6: sse2x2   gen()  7855 MB/s
[    5.378797] raid6: sse2x2   xor()  6660 MB/s
[    5.428960] raid6: sse2x4   gen()  6810 MB/s
[    5.476873] raid6: sse2x4   xor()  3817 MB/s
[    5.591389] raid6: avx2x1   gen() 13635 MB/s
[    5.687341] raid6: avx2x1   xor() 10541 MB/s
[    5.783391] raid6: avx2x2   gen() 11647 MB/s
[    5.872034] raid6: avx2x2   xor()  8293 MB/s
[    5.970203] raid6: avx2x4   gen() 23764 MB/s
[    6.034190] raid6: avx2x4   xor()  7051 MB/s
[    6.035888] raid6: using algorithm avx2x4 gen() 23764 MB/s
[    6.037673] raid6: .... xor() 7051 MB/s, rmw enabled
[    6.039446] raid6: using avx2x2 recovery algorithm
[    6.043240] xor: automatically using best checksumming function   avx       
[    6.046946] async_tx: api initialized (async)
done.
Begin: Running /scripts/init-premount ... done.
Begin: Mounting root file system ... Begin: Running /scripts/local-top ... done.
Begin: Running /scripts/local-premount ... [    6.124515] Btrfs loaded, crc32c=crc32c-intel
Scanning for Btrfs filesystems
done.
Warning: fsck not present, so skipping root file system
[    6.174896] EXT4-fs (sda1): mounted filesystem with ordered data mode. Opts: (null)
done.
Begin: Running /scripts/local-bottom ... done.
Begin: Running /scripts/init-bottom ... done.
[    6.345890] ip_tables: (C) 2000-2006 Netfilter Core Team
[    6.363309] systemd[1]: systemd 237 running in system mode. (+PAM +AUDIT +SELINUX +IMA +APPARMOR +SMACK +SYSVINIT +UTMP +LIBCRYPTSETUP +GCRYPT +GNUTLS +ACL +XZ +LZ4 +SECCOMP +BLKID +ELFUTILS +KMOD -IDN2 +IDN -PCRE2 default-hierarchy=hybrid)
[    6.369584] systemd[1]: Detected virtualization oracle.
[    6.371259] systemd[1]: Detected architecture x86-64.

Welcome to [1mUbuntu 18.04.6 LTS[0m!

[    6.380649] systemd[1]: Set hostname to <ubuntu>.
[    6.385363] systemd[1]: Initializing machine ID from random generator.
[    6.387451] systemd[1]: Installed transient /etc/machine-id file.
[    6.682453] systemd[1]: Started Forward Password Requests to Wall Directory Watch.
[[0;32m  OK  [0m] Started Forward Password Requests to Wall Directory Watch.
[    6.686335] systemd[1]: Reached target User and Group Name Lookups.
[[0;32m  OK  [0m] Reached target User and Group Name Lookups.
[    6.700628] systemd[1]: Reached target Swap.
[[0;32m  OK  [0m] Reached target Swap.
[    6.704765] systemd[1]: Created slice System Slice.
[[0;32m  OK  [0m] Created slice System Slice.
[[0;32m  OK  [0m] Listening on Journal Socket (/dev/log).
[[0;32m  OK  [0m] Listening on Journal Audit Socket.
[[0;32m  OK  [0m] Listening on fsck to fsckd communication Socket.
[[0;32m  OK  [0m] Listening on Device-mapper event daemon FIFOs.
[[0;32m  OK  [0m] Listening on Journal Socket.
         Starting Load Kernel Modules...
         Starting File System Check on Root Device...
[[0;32m  OK  [0m] Created slice system-serial\x2dgetty.slice.
[    6.735104] Loading iSCSI transport class v2.0-870.
[[0;32m  OK  [0m] Listening on LVM2 metadata daemon socket.
         Starting Create list of required st…ce nodes for the current kernel...
[[0;32m  OK  [0m] Listening on Network Service Netlink Socket.
[[0;32m  OK  [0m] Listening on udev Control Socket.
         Starting Monitoring of LVM2 mirrors…ng dmeventd or progress polling...
[[0;32m  OK  [0m] Listening on Syslog Socket.
[    6.758983] iscsi: registered transport (tcp)
         Starting Journal Service...
         Starting Uncomplicated firewall...
         Mounting Kernel Debug File System...
[[0;32m  OK  [0m] Listening on udev Kernel Socket.
         Starting udev Coldplug all Devices...
[[0;32m  OK  [0m] Set up automount Arbitrary Executab…rmats File System Automount Point.
[[0;32m  OK  [0m] Reached target Mounting snaps.
[[0;32m  OK  [0m] Reached target Mounted snaps.
[[0;32m  OK  [0m] Reached target System Time Synchronized.
         Mounting Huge Pages File System...
         Mounting POSIX Message Queue File System...
[[0;32m  OK  [0m] Listening on /dev/initctl Compatibility Named Pipe.
[[0;32m  OK  [0m] Listening on LVM2 poll daemon socket.
         Starting Set the console keyboard layout...
[[0;32m  OK  [0m] Created slice User and Session Slice.
[[0;32m  OK  [0m] Reached target Slices.
[[0;32m  OK  [0m] Started Create list of required sta…vice nodes for the current kernel.
[[0;32m  OK  [0m] Started Uncomplicated firewall.
[[0;32m  OK  [0m] Mounted Kernel Debug File System.
[[0;32m  OK  [0m] Mounted Huge Pages File System.
[[0;32m  OK  [0m] Started File System Check on Root Device.
[[0;32m  OK  [0m] Started Journal Service.
[[0;32m  OK  [0m] Mounted POSIX Message Queue File System.
[[0;32m  OK  [0m] Started LVM2 metadata daemon.
[[0;32m  OK  [0m] Started File System Check Daemon to report status.
         Starting Remount Root and Kernel File Systems...
         Starting Create Static Device Nodes in /dev...
[    6.898587] iscsi: registered transport (iser)
[[0;32m  OK  [0m] Started Load Kernel Modules.
         Starting Apply Kernel Variables...
         Mounting FUSE Control File System...
         Mounting Kernel Configuration File System...
[[0;32m  OK  [0m] Started udev Coldplug all Devices.
[[0;32m  OK  [0m] Mounted FUSE Control File System.
[[0;32m  OK  [0m] Mounted Kernel Configuration File System.
[[0;32m  OK  [0m] Started Create Static Device Nodes in /dev.
[[0;32m  OK  [0m] Started Remount Root and Kernel File Systems.
         Starting Flush Journal to Persistent Storage...
         Starting udev Kernel Device Manager...
         Starting Load/Save Random Seed...
[[0;32m  OK  [0m] Started Monitoring of LVM2 mirrors,…sing dmeventd or progress polling.
[[0;32m  OK  [0m] Started Apply Kernel Variables.
[[0;32m  OK  [0m] Started Load/Save Random Seed.
[[0;32m  OK  [0m] Started udev Kernel Device Manager.
[[0;32m  OK  [0m] Started Flush Journal to Persistent Storage.
[[0;32m  OK  [0m] Found device /dev/ttyS0.
[[0;32m  OK  [0m] Listening on Load/Save RF Kill Switch Status /dev/rfkill Watch.
         Mounting Arbitrary Executable File Formats File System...
[[0;32m  OK  [0m] Mounted Arbitrary Executable File Formats File System.
[[0;32m  OK  [0m] Started Set the console keyboard layout.
[[0;32m  OK  [0m] Started Dispatch Password Requests to Console Directory Watch.
[[0;32m  OK  [0m] Reached target Local Encrypted Volumes.
[[0;32m  OK  [0m] Reached target Local File Systems (Pre).
[[0;32m  OK  [0m] Reached target Local File Systems.
         Starting Set console font and keymap...
         Starting Create Volatile Files and Directories...
         Starting ebtables ruleset management...
         Starting Commit a transient machine-id on disk...
         Starting Tell Plymouth To Write Out Runtime Data...
         Starting AppArmor initialization...
[[0;32m  OK  [0m] Started Tell Plymouth To Write Out Runtime Data.
[[0;32m  OK  [0m] Started Create Volatile Files and Directories.
         Starting Update UTMP about System Boot/Shutdown...
[[0;32m  OK  [0m] Started Update UTMP about System Boot/Shutdown.
[[0;32m  OK  [0m] Started Commit a transient machine-id on disk.
[[0;32m  OK  [0m] Started ebtables ruleset management.
[[0;32m  OK  [0m] Started Set console font and keymap.
[[0;32m  OK  [0m] Started AppArmor initialization.
         Starting Load AppArmor profiles managed internally by snapd...
         Starting Initial cloud-init job (pre-networking)...
[[0;32m  OK  [0m] Started Load AppArmor profiles managed internally by snapd.
[   13.942407] cloud-init[890]: Cloud-init v. 23.1.2-0ubuntu0~18.04.1 running 'init-local' at Mon, 10 Mar 2025 19:30:00 +0000. Up 13.35 seconds.
[[0;32m  OK  [0m] Started Initial cloud-init job (pre-networking).
[[0;32m  OK  [0m] Reached target Network (Pre).
         Starting Network Service...
[[0;32m  OK  [0m] Started Network Service.
         Starting Wait for Network to be Configured...
         Starting Network Name Resolution...
[[0;32m  OK  [0m] Started Network Name Resolution.
[[0;32m  OK  [0m] Reached target Host and Network Name Lookups.
[[0;32m  OK  [0m] Reached target Network.
[[0;32m  OK  [0m] Started Wait for Network to be Configured.
         Starting Initial cloud-init job (metadata service crawler)...
[   16.596001] cloud-init[1012]: Cloud-init v. 23.1.2-0ubuntu0~18.04.1 running 'init' at Mon, 10 Mar 2025 19:30:03 +0000. Up 16.22 seconds.
[   16.599354] cloud-init[1012]: ci-info: ++++++++++++++++++++++++++++++++++++++Net device info+++++++++++++++++++++++++++++++++++++++
[   16.602162] cloud-init[1012]: ci-info: +--------+-------+----------------------------+---------------+--------+-------------------+
[   16.604049] cloud-init[1012]: ci-info: | Device |   Up  |          Address           |      Mask     | Scope  |     Hw-Address    |
[   16.606454] cloud-init[1012]: ci-info: +--------+-------+----------------------------+---------------+--------+-------------------+
[   16.608567] cloud-init[1012]: ci-info: | enp0s3 |  True |         10.0.2.15          | 255.255.255.0 | global | 02:3b:7b:b7:3b:2d |
[   16.610788] cloud-init[1012]: ci-info: | enp0s3 |  True | fe80::3b:7bff:feb7:3b2d/64 |       .       |  link  | 02:3b:7b:b7:3b:2d |
[   16.613225] cloud-init[1012]: ci-info: | enp0s8 | False |             .              |       .       |   .    | 08:00:27:be:a6:9c |
[   16.615833] cloud-init[1012]: ci-info: |   lo   |  True |         127.0.0.1          |   255.0.0.0   |  host  |         .         |
[   16.618551] cloud-init[1012]: ci-info: |   lo   |  True |          ::1/128           |       .       |  host  |         .         |
[   16.621108] cloud-init[1012]: ci-info: +--------+-------+----------------------------+---------------+--------+-------------------+
[   16.623298] cloud-init[1012]: ci-info: ++++++++++++++++++++++++++++Route IPv4 info+++++++++++++++++++++++++++++
[   16.625426] cloud-init[1012]: ci-info: +-------+-------------+----------+-----------------+-----------+-------+
[   16.627644] cloud-init[1012]: ci-info: | Route | Destination | Gateway  |     Genmask     | Interface | Flags |
[   16.630084] cloud-init[1012]: ci-info: +-------+-------------+----------+-----------------+-----------+-------+
[   16.632424] cloud-init[1012]: ci-info: |   0   |   0.0.0.0   | 10.0.2.2 |     0.0.0.0     |   enp0s3  |   UG  |
[   16.634762] cloud-init[1012]: ci-info: |   1   |   10.0.2.0  | 0.0.0.0  |  255.255.255.0  |   enp0s3  |   U   |
[   16.636994] cloud-init[1012]: ci-info: |   2   |   10.0.2.2  | 0.0.0.0  | 255.255.255.255 |   enp0s3  |   UH  |
[   16.639373] cloud-init[1012]: ci-info: +-------+-------------+----------+-----------------+-----------+-------+
[   16.641666] cloud-init[1012]: ci-info: +++++++++++++++++++Route IPv6 info+++++++++++++++++++
[   16.643177] cloud-init[1012]: ci-info: +-------+-------------+---------+-----------+-------+
[   16.645078] cloud-init[1012]: ci-info: | Route | Destination | Gateway | Interface | Flags |
[   16.647010] cloud-init[1012]: ci-info: +-------+-------------+---------+-----------+-------+
[   16.648899] cloud-init[1012]: ci-info: |   1   |  fe80::/64  |    ::   |   enp0s3  |   U   |
[   16.650700] cloud-init[1012]: ci-info: |   3   |    local    |    ::   |   enp0s3  |   U   |
[   16.652730] cloud-init[1012]: ci-info: |   4   |   ff00::/8  |    ::   |   enp0s3  |   U   |
[   16.654522] cloud-init[1012]: ci-info: +-------+-------------+---------+-----------+-------+
[   17.416230] cloud-init[1012]: Generating public/private rsa key pair.
[   17.417827] cloud-init[1012]: Your identification has been saved in /etc/ssh/ssh_host_rsa_key.
[   17.419739] cloud-init[1012]: Your public key has been saved in /etc/ssh/ssh_host_rsa_key.pub.
[   17.421397] cloud-init[1012]: The key fingerprint is:
[   17.422695] cloud-init[1012]: SHA256:brw6HsjIrhwGjsOUAwKYJoLT3U+CDlIsmoO2x7Kq/j4 root@ubuntu-bionic
[   17.424716] cloud-init[1012]: The key's randomart image is:
[   17.426094] cloud-init[1012]: +---[RSA 2048]----+
[   17.427208] cloud-init[1012]: |+=.. o           |
[   17.428465] cloud-init[1012]: |@.+ o o .        |
[   17.429594] cloud-init[1012]: |O= o   +         |
[   17.430702] cloud-init[1012]: |B.. .   .        |
[   17.431847] cloud-init[1012]: |o=o     S        |
[   17.436800] cloud-init[1012]: |*+.= . o         |
[   17.438036] cloud-init[1012]: |o=* o . +        |
[   17.439311] cloud-init[1012]: |o+.E  .o .       |
[   17.440620] cloud-init[1012]: |B++o..oo.        |
[   17.441933] cloud-init[1012]: +----[SHA256]-----+
[   17.443128] cloud-init[1012]: Generating public/private dsa key pair.
[   17.444596] cloud-init[1012]: Your identification has been saved in /etc/ssh/ssh_host_dsa_key.
[   17.446341] cloud-init[1012]: Your public key has been saved in /etc/ssh/ssh_host_dsa_key.pub.
[   17.448180] cloud-init[1012]: The key fingerprint is:
[   17.449492] cloud-init[1012]: SHA256:hMcADDuqojm3KR8EQcjr23E3TkIGO25R4holxVdYP08 root@ubuntu-bionic
[   17.451402] cloud-init[1012]: The key's randomart image is:
[   17.452769] cloud-init[1012]: +---[DSA 1024]----+
[   17.453951] cloud-init[1012]: |=.++..=o         |
[   17.455156] cloud-init[1012]: |.+ *.+ +.        |
[   17.456436] cloud-init[1012]: |. B * . +o E     |
[   17.457636] cloud-init[1012]: | = * o o  +      |
[   17.458844] cloud-init[1012]: |o = =   S  .     |
[   17.460050] cloud-init[1012]: |.+ + o +         |
[   17.461306] cloud-init[1012]: |o = o = .        |
[   17.462515] cloud-init[1012]: |=o.+   .         |
[   17.463694] cloud-init[1012]: |o=+.             |
[   17.464974] cloud-init[1012]: +----[SHA256]-----+
[   17.466166] cloud-init[1012]: Generating public/private ecdsa key pair.
[   17.467670] cloud-init[1012]: Your identification has been saved in /etc/ssh/ssh_host_ecdsa_key.
[   17.469550] cloud-init[1012]: Your public key has been saved in /etc/ssh/ssh_host_ecdsa_key.pub.
[   17.471455] cloud-init[1012]: The key fingerprint is:
[   17.472775] cloud-init[1012]: SHA256:dZ7NrPVadT6SsdXzSFsaNmIhEdH9JvMLTwEI5JjasWo root@ubuntu-bionic
[   17.474668] cloud-init[1012]: The key's randomart image is:
[   17.476006] cloud-init[1012]: +---[ECDSA 256]---+
[   17.477296] cloud-init[1012]: |        .o=+..   |
[   17.478477] cloud-init[1012]: |        +  o...  |
[   17.479637] cloud-init[1012]: |       + .o o .. |
[   17.480905] cloud-init[1012]: |      o o. + *o.+|
[   17.482148] cloud-init[1012]: |     . oS   =.XB*|
[   17.483378] cloud-init[1012]: |      .    . B=@*|
[   17.484627] cloud-init[1012]: |     E      .+B.*|
[   17.485913] cloud-init[1012]: |    .         .=.|
[   17.487093] cloud-init[1012]: |              .  |
[   17.488370] cloud-init[1012]: +----[SHA256]-----+
[   17.489574] cloud-init[1012]: Generating public/private ed25519 key pair.
[   17.491101] cloud-init[1012]: Your identification has been saved in /etc/ssh/ssh_host_ed25519_key.
[   17.493048] cloud-init[1012]: Your public key has been saved in /etc/ssh/ssh_host_ed25519_key.pub.
[   17.495006] cloud-init[1012]: The key fingerprint is:
[   17.496331] cloud-init[1012]: SHA256:JWgChBkQw5LVlPtlLC46YJimjug7Hzb5NmRbAdsEurE root@ubuntu-bionic
[   17.498280] cloud-init[1012]: The key's randomart image is:
[   17.499603] cloud-init[1012]: +--[ED25519 256]--+
[   17.500857] cloud-init[1012]: |BO+o.o.          |
[   17.502039] cloud-init[1012]: |=o .+. o         |
[   17.503225] cloud-init[1012]: |.  o..B.. .      |
[   17.504444] cloud-init[1012]: |    =+.o+o       |
[   17.505588] cloud-init[1012]: |.. E o +S        |
[   17.506679] cloud-init[1012]: |+o  ooo.         |
[   17.507805] cloud-init[1012]: |+. *o.o          |
[   17.509035] cloud-init[1012]: |+.+ ++           |
[   17.510293] cloud-init[1012]: |=++o...          |
[   17.511449] cloud-init[1012]: +----[SHA256]-----+
[[0;32m  OK  [0m] Started Initial cloud-init job (metadata service crawler).
[[0;32m  OK  [0m] Reached target Cloud-config availability.
[[0;32m  OK  [0m] Reached target Network is Online.
[[0;32m  OK  [0m] Reached target Remote File Systems (Pre).
[[0;32m  OK  [0m] Reached target Remote File Systems.
         Starting Availability of block devices...
[[0;32m  OK  [0m] Reached target System Initialization.
[[0;32m  OK  [0m] Listening on UUID daemon activation socket.
[[0;32m  OK  [0m] Listening on cloud-init hotplug hook socket.
[[0;32m  OK  [0m] Started Discard unused blocks once a week.
         Starting Socket activation for snappy daemon.
[[0;32m  OK  [0m] Started Daily Cleanup of Temporary Directories.
[[0;32m  OK  [0m] Started Ubuntu Advantage Timer for running repeated jobs.
[[0;32m  OK  [0m] Listening on D-Bus System Message Bus Socket.
[[0;32m  OK  [0m] Listening on Open-iSCSI iscsid Socket.
[[0;32m  OK  [0m] Started ACPI Events Check.
[[0;32m  OK  [0m] Reached target Paths.
[[0;32m  OK  [0m] Listening on ACPID Listen Socket.
[[0;32m  OK  [0m] Started Message of the Day.
[[0;32m  OK  [0m] Started Daily apt download activities.
[[0;32m  OK  [0m] Started Daily apt upgrade and clean activities.
[[0;32m  OK  [0m] Reached target Timers.
         Starting LXD - unix socket.
[[0;32m  OK  [0m] Started Availability of block devices.
[[0;32m  OK  [0m] Listening on Socket activation for snappy daemon.
[[0;32m  OK  [0m] Listening on LXD - unix socket.
[[0;32m  OK  [0m] Reached target Sockets.
[[0;32m  OK  [0m] Reached target Basic System.
[[0;32m  OK  [0m] Reached target Login Prompts (Pre).
[[0;32m  OK  [0m] Started Regular background program processing daemon.
         Starting System Logging Service...
         Starting Pollinate to seed the pseudo random number generator...
         Starting Dispatcher daemon for systemd-networkd...
         Starting LSB: automatic crash report generation...
         Starting LXD - container startup/shutdown...
         Starting LSB: Record successful boot for GRUB...
         Starting Login Service...
[[0;32m  OK  [0m] Started Deferred execution scheduler.
         Starting Accounts Service...
         Starting Virtualbox guest utils...
[[0;32m  OK  [0m] Started D-Bus System Message Bus.
[[0;32m  OK  [0m] Started Login Service.
[[0;32m  OK  [0m] Started Unattended Upgrades Shutdown.
         Starting Snap Daemon...
         Starting Permit User Sessions...
[[0;32m  OK  [0m] Started FUSE filesystem for LXC.
[[0;32m  OK  [0m] Started irqbalance daemon.
[[0;32m  OK  [0m] Started System Logging Service.
[[0;32m  OK  [0m] Started Permit User Sessions.
         Starting Terminate Plymouth Boot Screen...
         Starting Hold until boot process finishes up...
[[0;32m  OK  [0m] Started Hold until boot process finishes up.
         Starting Set console scheme...
[[0;32m  OK  [0m] Started Serial Getty on ttyS0.
[[0;32m  OK  [0m] Started Terminate Plymouth Boot Screen.
[[0;32m  OK  [0m] Started LSB: automatic crash report generation.
[[0;32m  OK  [0m] Started Set console scheme.
[[0;32m  OK  [0m] Created slice system-getty.slice.
[[0;32m  OK  [0m] Started Getty on tty1.
[[0;32m  OK  [0m] Reached target Login Prompts.
         Starting Authorization Manager...
[[0;32m  OK  [0m] Started LSB: Record successful boot for GRUB.
[[0;32m  OK  [0m] Started LXD - container startup/shutdown.
[[0;32m  OK  [0m] Started Authorization Manager.
[[0;32m  OK  [0m] Started Accounts Service.
[[0;32m  OK  [0m] Started Virtualbox guest utils.
[[0;32m  OK  [0m] Started Dispatcher daemon for systemd-networkd.
[[0;32m  OK  [0m] Started Snap Daemon.
         Starting Wait until snapd is fully seeded...
[[0;32m  OK  [0m] Started Pollinate to seed the pseudo random number generator.
         Starting OpenBSD Secure Shell server...
[[0;32m  OK  [0m] Started OpenBSD Secure Shell server.
[[0;32m  OK  [0m] Created slice User Slice of vagrant.
         Starting User Manager for UID 1000...
[[0;32m  OK  [0m] Started Session 1 of user vagrant.
         Starting Time & Date Service...
[[0;32m  OK  [0m] Started Time & Date Service.
[[0;32m  OK  [0m] Started User Manager for UID 1000.

Ubuntu 18.04.6 LTS ubuntu-bionic ttyS0

ubuntu-bionic login: [   25.330139] cloud-init[1738]: Cloud-init v. 23.1.2-0ubuntu0~18.04.1 running 'modules:config' at Mon, 10 Mar 2025 19:30:11 +0000. Up 24.58 seconds.
ci-info: no authorized SSH keys fingerprints found for user ubuntu.
<14>Mar 10 19:30:14 cloud-init: #############################################################
<14>Mar 10 19:30:14 cloud-init: -----BEGIN SSH HOST KEY FINGERPRINTS-----
<14>Mar 10 19:30:14 cloud-init: 1024 SHA256:hMcADDuqojm3KR8EQcjr23E3TkIGO25R4holxVdYP08 root@ubuntu-bionic (DSA)
<14>Mar 10 19:30:14 cloud-init: 256 SHA256:dZ7NrPVadT6SsdXzSFsaNmIhEdH9JvMLTwEI5JjasWo root@ubuntu-bionic (ECDSA)
<14>Mar 10 19:30:14 cloud-init: 256 SHA256:JWgChBkQw5LVlPtlLC46YJimjug7Hzb5NmRbAdsEurE root@ubuntu-bionic (ED25519)
<14>Mar 10 19:30:14 cloud-init: 2048 SHA256:brw6HsjIrhwGjsOUAwKYJoLT3U+CDlIsmoO2x7Kq/j4 root@ubuntu-bionic (RSA)
<14>Mar 10 19:30:14 cloud-init: -----END SSH HOST KEY FINGERPRINTS-----
<14>Mar 10 19:30:14 cloud-init: #############################################################
-----BEGIN SSH HOST KEY KEYS-----
ecdsa-sha2-nistp256 AAAAE2VjZHNhLXNoYTItbmlzdHAyNTYAAAAIbmlzdHAyNTYAAABBBLWt0KrmmpMmeeScqCME4Fp394hgOjKlH8YNeuLmkGPiYiu7AJrBN5Ka+yMcAjsGvVJx7nUxKz/wZwpZXY0L/e4= root@ubuntu-bionic
ssh-ed25519 AAAAC3NzaC1lZDI1NTE5AAAAIDtXvlfrmtmClH9HnZRoZpQ8uaIQ9o5kA4l3h7RErK4V root@ubuntu-bionic
ssh-rsa AAAAB3NzaC1yc2EAAAADAQABAAABAQDhpcOCGUxRMdo+t5LuR8dWCzHbzuMM+Km7y6m38dwTM0rmGuV6DQ8vT98EC0kiKsV089d3pzOVvudVRxG1j/NH8nUQRuAXBH8r94a2FnFgbiTQlTdhMMy+l7a8a+ybzdzMDY0bpgZOwgTB7VzPusGcxdYX/2uOztD5yo4zFMXAhMKvec0S3NTIj6nYuutURYH3SEae9kzJ7LJM96OvrWA4M4IAJZmJ2M++X/Gb5ZQWPol5j/tZn1y6Z3O3Ox9I2Kp/DV2k4319QLO7G9ww98hz8SDYyWchyleoI2hbPlRhD7qttg5uf2ieb5q90VwV1ibshL9pvZUNDQcZplYoQ5Xt root@ubuntu-bionic
-----END SSH HOST KEY KEYS-----
[   26.875004] cloud-init[1943]: Cloud-init v. 23.1.2-0ubuntu0~18.04.1 running 'modules:final' at Mon, 10 Mar 2025 19:30:13 +0000. Up 26.48 seconds.
[   26.877863] cloud-init[1943]: Cloud-init v. 23.1.2-0ubuntu0~18.04.1 finished at Mon, 10 Mar 2025 19:30:14 +0000. Datasource DataSourceNoCloud [seed=/dev/sdb][dsmode=net].  Up 26.85 seconds
