[    0.000000] Linux version 4.15.0-212-generic (buildd@lcy02-amd64-083) (gcc version 7.5.0 (Ubuntu 7.5.0-3ubuntu1~18.04)) #223-Ubuntu SMP Tue May 23 13:09:22 UTC 2023 (Ubuntu 4.15.0-212.223-generic 4.15.18)
[    0.000000] Command line: BOOT_IMAGE=/boot/vmlinuz-4.15.0-212-generic root=LABEL=cloudimg-rootfs ro console=tty1 console=ttyS0
[    0.000000] KERNEL supported cpus:
[    0.000000]   Intel GenuineIntel
[    0.000000]   AMD AuthenticAMD
[    0.000000]   Centaur CentaurHauls
[    0.000000] [Firmware Bug]: TSC doesn't count with P0 frequency!
[    0.000000] x86/fpu: Supporting XSAVE feature 0x001: 'x87 floating point registers'
[    0.000000] x86/fpu: Supporting XSAVE feature 0x002: 'SSE registers'
[    0.000000] x86/fpu: Supporting XSAVE feature 0x004: 'AVX registers'
[    0.000000] x86/fpu: xstate_offset[2]:  576, xstate_sizes[2]:  256
[    0.000000] x86/fpu: Enabled xstate features 0x7, context size is 832 bytes, using 'standard' format.
[    0.000000] e820: BIOS-provided physical RAM map:
[    0.000000] BIOS-e820: [mem 0x0000000000000000-0x000000000009fbff] usable
[    0.000000] BIOS-e820: [mem 0x000000000009fc00-0x000000000009ffff] reserved
[    0.000000] BIOS-e820: [mem 0x00000000000f0000-0x00000000000fffff] reserved
[    0.000000] BIOS-e820: [mem 0x0000000000100000-0x00000000dffeffff] usable
[    0.000000] BIOS-e820: [mem 0x00000000dfff0000-0x00000000dfffffff] ACPI data
[    0.000000] BIOS-e820: [mem 0x00000000fec00000-0x00000000fec00fff] reserved
[    0.000000] BIOS-e820: [mem 0x00000000fee00000-0x00000000fee00fff] reserved
[    0.000000] BIOS-e820: [mem 0x00000000fffc0000-0x00000000ffffffff] reserved
[    0.000000] BIOS-e820: [mem 0x0000000100000000-0x000000011fffffff] usable
[    0.000000] NX (Execute Disable) protection: active
[    0.000000] SMBIOS 2.5 present.
[    0.000000] DMI: innotek GmbH VirtualBox/VirtualBox, BIOS VirtualBox 12/01/2006
[    0.000000] Hypervisor detected: KVM
[    0.000000] e820: last_pfn = 0x120000 max_arch_pfn = 0x400000000
[    0.000000] MTRR: Disabled
[    0.000000] x86/PAT: MTRRs disabled, skipping PAT initialization too.
[    0.000000] CPU MTRRs all blank - virtualized system.
[    0.000000] x86/PAT: Configuration [0-7]: WB  WT  UC- UC  WB  WT  UC- UC  
[    0.000000] e820: last_pfn = 0xdfff0 max_arch_pfn = 0x400000000
[    0.000000] found SMP MP-table at [mem 0x0009fff0-0x0009ffff]
[    0.000000] Scanning 1 areas for low memory corruption
[    0.000000] RAMDISK: [mem 0x359cb000-0x36cdcfff]
[    0.000000] ACPI: Early table checksum verification disabled
[    0.000000] ACPI: RSDP 0x00000000000E0000 000024 (v02 VBOX  )
[    0.000000] ACPI: XSDT 0x00000000DFFF0030 00003C (v01 VBOX   VBOXXSDT 00000001 ASL  00000061)
[    0.000000] ACPI: FACP 0x00000000DFFF00F0 0000F4 (v04 VBOX   VBOXFACP 00000001 ASL  00000061)
[    0.000000] ACPI: DSDT 0x00000000DFFF0610 002353 (v02 VBOX   VBOXBIOS 00000002 INTL 20100528)
[    0.000000] ACPI: FACS 0x00000000DFFF0200 000040
[    0.000000] ACPI: FACS 0x00000000DFFF0200 000040
[    0.000000] ACPI: APIC 0x00000000DFFF0240 00005C (v02 VBOX   VBOXAPIC 00000001 ASL  00000061)
[    0.000000] ACPI: SSDT 0x00000000DFFF02A0 00036C (v01 VBOX   VBOXCPUT 00000002 INTL 20100528)
[    0.000000] ACPI: Reserving FACP table memory at [mem 0xdfff00f0-0xdfff01e3]
[    0.000000] ACPI: Reserving DSDT table memory at [mem 0xdfff0610-0xdfff2962]
[    0.000000] ACPI: Reserving FACS table memory at [mem 0xdfff0200-0xdfff023f]
[    0.000000] ACPI: Reserving FACS table memory at [mem 0xdfff0200-0xdfff023f]
[    0.000000] ACPI: Reserving APIC table memory at [mem 0xdfff0240-0xdfff029b]
[    0.000000] ACPI: Reserving SSDT table memory at [mem 0xdfff02a0-0xdfff060b]
[    0.000000] No NUMA configuration found
[    0.000000] Faking a node at [mem 0x0000000000000000-0x000000011fffffff]
[    0.000000] NODE_DATA(0) allocated [mem 0x11ffd1000-0x11fffbfff]
[    0.000000] kvm-clock: cpu 0, msr 1:1ff50001, primary cpu clock
[    0.000000] kvm-clock: Using msrs 4b564d01 and 4b564d00
[    0.000000] kvm-clock: using sched offset of 3402614620 cycles
[    0.000000] clocksource: kvm-clock: mask: 0xffffffffffffffff max_cycles: 0x1cd42e4dffb, max_idle_ns: 881590591483 ns
[    0.000000] Zone ranges:
[    0.000000]   DMA      [mem 0x0000000000001000-0x0000000000ffffff]
[    0.000000]   DMA32    [mem 0x0000000001000000-0x00000000ffffffff]
[    0.000000]   Normal   [mem 0x0000000100000000-0x000000011fffffff]
[    0.000000]   Device   empty
[    0.000000] Movable zone start for each node
[    0.000000] Early memory node ranges
[    0.000000]   node   0: [mem 0x0000000000001000-0x000000000009efff]
[    0.000000]   node   0: [mem 0x0000000000100000-0x00000000dffeffff]
[    0.000000]   node   0: [mem 0x0000000100000000-0x000000011fffffff]
[    0.000000] Reserved but unavailable: 104 pages
[    0.000000] Initmem setup node 0 [mem 0x0000000000001000-0x000000011fffffff]
[    0.000000] ACPI: PM-Timer IO Port: 0x4008
[    0.000000] IOAPIC[0]: apic_id 2, version 32, address 0xfec00000, GSI 0-23
[    0.000000] ACPI: INT_SRC_OVR (bus 0 bus_irq 0 global_irq 2 dfl dfl)
[    0.000000] ACPI: INT_SRC_OVR (bus 0 bus_irq 9 global_irq 9 low level)
[    0.000000] Using ACPI (MADT) for SMP configuration information
[    0.000000] smpboot: Allowing 2 CPUs, 0 hotplug CPUs
[    0.000000] PM: Registered nosave memory: [mem 0x00000000-0x00000fff]
[    0.000000] PM: Registered nosave memory: [mem 0x0009f000-0x0009ffff]
[    0.000000] PM: Registered nosave memory: [mem 0x000a0000-0x000effff]
[    0.000000] PM: Registered nosave memory: [mem 0x000f0000-0x000fffff]
[    0.000000] PM: Registered nosave memory: [mem 0xdfff0000-0xdfffffff]
[    0.000000] PM: Registered nosave memory: [mem 0xe0000000-0xfebfffff]
[    0.000000] PM: Registered nosave memory: [mem 0xfec00000-0xfec00fff]
[    0.000000] PM: Registered nosave memory: [mem 0xfec01000-0xfedfffff]
[    0.000000] PM: Registered nosave memory: [mem 0xfee00000-0xfee00fff]
[    0.000000] PM: Registered nosave memory: [mem 0xfee01000-0xfffbffff]
[    0.000000] PM: Registered nosave memory: [mem 0xfffc0000-0xffffffff]
[    0.000000] e820: [mem 0xe0000000-0xfebfffff] available for PCI devices
[    0.000000] Booting paravirtualized kernel on KVM
[    0.000000] clocksource: refined-jiffies: mask: 0xffffffff max_cycles: 0xffffffff, max_idle_ns: 7645519600211568 ns
[    0.000000] setup_percpu: NR_CPUS:8192 nr_cpumask_bits:2 nr_cpu_ids:2 nr_node_ids:1
[    0.000000] percpu: Embedded 50 pages/cpu s167936 r8192 d28672 u1048576
[    0.000000] PV qspinlock hash table entries: 256 (order: 0, 4096 bytes)
[    0.000000] Built 1 zonelists, mobility grouping on.  Total pages: 1032057
[    0.000000] Policy zone: Normal
[    0.000000] Kernel command line: BOOT_IMAGE=/boot/vmlinuz-4.15.0-212-generic root=LABEL=cloudimg-rootfs ro console=tty1 console=ttyS0
[    0.000000] Memory: 4013252K/4193848K available (12300K kernel code, 2477K rwdata, 4324K rodata, 2480K init, 2720K bss, 180596K reserved, 0K cma-reserved)
[    0.000000] SLUB: HWalign=64, Order=0-3, MinObjects=0, CPUs=2, Nodes=1
[    0.000000] ftrace: allocating 39508 entries in 155 pages
[    0.004000] Hierarchical RCU implementation.
[    0.004000] 	RCU restricting CPUs from NR_CPUS=8192 to nr_cpu_ids=2.
[    0.004000] 	Tasks RCU enabled.
[    0.004000] RCU: Adjusting geometry for rcu_fanout_leaf=16, nr_cpu_ids=2
[    0.004000] NR_IRQS: 524544, nr_irqs: 440, preallocated irqs: 16
[    0.004000] random: crng init done
[    0.004000] Console: colour VGA+ 80x25
[    0.004000] console [tty1] enabled
[    0.004000] console [ttyS0] enabled
[    0.004000] ACPI: Core revision 20170831
[    0.004000] ACPI: 2 ACPI AML tables successfully acquired and loaded
[    0.004000] APIC: Switch to symmetric I/O mode setup
[    0.004000] x2apic enabled
[    0.004000] Switched APIC routing to physical x2apic.
[    0.004000] ..TIMER: vector=0x30 apic1=0 pin1=2 apic2=-1 pin2=-1
[    0.004007] tsc: Detected 3293.814 MHz processor
[    0.005237] Calibrating delay loop (skipped) preset value.. 6587.62 BogoMIPS (lpj=13175256)
[    0.008007] pid_max: default: 32768 minimum: 301
[    0.009233] Security Framework initialized
[    0.012004] Yama: becoming mindful.
[    0.012955] AppArmor: AppArmor initialized
[    0.016190] Dentry cache hash table entries: 524288 (order: 10, 4194304 bytes)
[    0.019233] Inode-cache hash table entries: 262144 (order: 9, 2097152 bytes)
[    0.020041] Mount-cache hash table entries: 8192 (order: 4, 65536 bytes)
[    0.022033] Mountpoint-cache hash table entries: 8192 (order: 4, 65536 bytes)
[    0.024379] Last level iTLB entries: 4KB 512, 2MB 512, 4MB 256
[    0.025967] Last level dTLB entries: 4KB 2048, 2MB 2048, 4MB 1024, 1GB 0
[    0.028005] Spectre V1 : Mitigation: usercopy/swapgs barriers and __user pointer sanitization
[    0.030368] Spectre V2 : Mitigation: Retpolines
[    0.032004] Spectre V2 : Spectre v2 / SpectreRSB mitigation: Filling RSB on context switch
[    0.034147] Spectre V2 : Spectre v2 / SpectreRSB : Filling RSB on VMEXIT
[    0.036308] Freeing SMP alternatives memory: 36K
[    0.148312] smpboot: CPU0: AMD Ryzen 5 5600H with Radeon Graphics (family: 0x19, model: 0x50, stepping: 0x0)
[    0.150955] Performance Events: PMU not available due to virtualization, using software events only.
[    0.152055] Hierarchical SRCU implementation.
[    0.154212] NMI watchdog: Perf event create on CPU 0 failed with -2
[    0.156004] NMI watchdog: Perf NMI watchdog permanently disabled
[    0.157524] smp: Bringing up secondary CPUs ...
[    0.161096] x86: Booting SMP configuration:
[    0.162311] .... node  #0, CPUs:      #1
[    0.004000] kvm-clock: cpu 1, msr 1:1ff50041, secondary cpu clock
[    0.168041] smp: Brought up 1 node, 2 CPUs
[    0.169231] smpboot: Max logical packages: 1
[    0.170299] smpboot: Total of 2 processors activated (13175.25 BogoMIPS)
[    0.172192] devtmpfs: initialized
[    0.172992] x86/mm: Memory block size: 128MB
[    0.174422] evm: security.selinux
[    0.176005] evm: security.SMACK64
[    0.176865] evm: security.SMACK64EXEC
[    0.177795] evm: security.SMACK64TRANSMUTE
[    0.178879] evm: security.SMACK64MMAP
[    0.180005] evm: security.apparmor
[    0.180853] evm: security.ima
[    0.181575] evm: security.capability
[    0.182456] clocksource: jiffies: mask: 0xffffffff max_cycles: 0xffffffff, max_idle_ns: 7645041785100000 ns
[    0.184022] futex hash table entries: 512 (order: 3, 32768 bytes)
[    0.185613] pinctrl core: initialized pinctrl subsystem
[    0.188170] RTC time: 12:15:46, date: 03/10/25
[    0.189836] NET: Registered protocol family 16
[    0.191059] audit: initializing netlink subsys (disabled)
[    0.192034] audit: type=2000 audit(1741608951.469:1): state=initialized audit_enabled=0 res=1
[    0.194076] cpuidle: using governor ladder
[    0.196035] cpuidle: using governor menu
[    0.197346] ACPI: bus type PCI registered
[    0.200008] acpiphp: ACPI Hot Plug PCI Controller Driver version: 0.5
[    0.201998] PCI: Using configuration type 1 for base access
[    0.203640] PCI: Using configuration type 1 for extended access
[    0.205169] HugeTLB registered 2.00 MiB page size, pre-allocated 0 pages
[    0.208095] ACPI: Added _OSI(Module Device)
[    0.209099] ACPI: Added _OSI(Processor Device)
[    0.210359] ACPI: Added _OSI(3.0 _SCP Extensions)
[    0.211676] ACPI: Added _OSI(Processor Aggregator Device)
[    0.212007] ACPI: Added _OSI(Linux-Dell-Video)
[    0.213146] ACPI: Added _OSI(Linux-Lenovo-NV-HDMI-Audio)
[    0.216004] ACPI: Added _OSI(Linux-HPI-Hybrid-Graphics)
[    0.217781] ACPI: Executed 1 blocks of module-level executable AML code
[    0.223861] ACPI: Interpreter enabled
[    0.224022] ACPI: (supports S0 S5)
[    0.225007] ACPI: Using IOAPIC for interrupt routing
[    0.226613] PCI: Using host bridge windows from ACPI; if necessary, use "pci=nocrs" and report a bug
[    0.228226] ACPI: Enabled 2 GPEs in block 00 to 07
[    0.239452] ACPI: PCI Root Bridge [PCI0] (domain 0000 [bus 00-ff])
[    0.240012] acpi PNP0A03:00: _OSC: OS supports [ExtendedConfig ASPM ClockPM Segments MSI]
[    0.245235] acpi PNP0A03:00: _OSC: platform does not support [PCIeCapability]
[    0.247792] acpi PNP0A03:00: _OSC: not requesting control; platform does not support [PCIeCapability]
[    0.248006] acpi PNP0A03:00: _OSC: OS requested [PCIeHotplug PME AER PCIeCapability]
[    0.252006] acpi PNP0A03:00: _OSC: platform willing to grant [PCIeHotplug PME AER]
[    0.253975] acpi PNP0A03:00: _OSC failed (AE_SUPPORT); disabling ASPM
[    0.256562] PCI host bridge to bus 0000:00
[    0.257778] pci_bus 0000:00: root bus resource [io  0x0000-0x0cf7 window]
[    0.260007] pci_bus 0000:00: root bus resource [io  0x0d00-0xffff window]
[    0.261592] pci_bus 0000:00: root bus resource [mem 0x000a0000-0x000bffff window]
[    0.263539] pci_bus 0000:00: root bus resource [mem 0xe0000000-0xfdffffff window]
[    0.264007] pci_bus 0000:00: root bus resource [bus 00-ff]
[    0.270361] pci 0000:00:01.1: legacy IDE quirk: reg 0x10: [io  0x01f0-0x01f7]
[    0.272007] pci 0000:00:01.1: legacy IDE quirk: reg 0x14: [io  0x03f6]
[    0.273526] pci 0000:00:01.1: legacy IDE quirk: reg 0x18: [io  0x0170-0x0177]
[    0.275146] pci 0000:00:01.1: legacy IDE quirk: reg 0x1c: [io  0x0376]
[    0.322415] pci 0000:00:07.0: quirk: [io  0x4000-0x403f] claimed by PIIX4 ACPI
[    0.324044] pci 0000:00:07.0: quirk: [io  0x4100-0x410f] claimed by PIIX4 SMB
[    0.350305] ACPI: PCI Interrupt Link [LNKA] (IRQs 5 9 10 *11)
[    0.352445] ACPI: PCI Interrupt Link [LNKB] (IRQs 5 9 *10 11)
[    0.354065] ACPI: PCI Interrupt Link [LNKC] (IRQs 5 *9 10 11)
[    0.356165] ACPI: PCI Interrupt Link [LNKD] (IRQs 5 9 10 *11)
[    0.358217] SCSI subsystem initialized
[    0.360080] pci 0000:00:02.0: vgaarb: setting as boot VGA device
[    0.361536] pci 0000:00:02.0: vgaarb: VGA device added: decodes=io+mem,owns=io+mem,locks=none
[    0.364018] pci 0000:00:02.0: vgaarb: bridge control possible
[    0.365789] vgaarb: loaded
[    0.366580] ACPI: bus type USB registered
[    0.368039] usbcore: registered new interface driver usbfs
[    0.369541] usbcore: registered new interface driver hub
[    0.372013] usbcore: registered new device driver usb
[    0.373324] EDAC MC: Ver: 3.0.0
[    0.377463] PCI: Using ACPI for IRQ routing
[    0.380412] NetLabel: Initializing
[    0.381452] NetLabel:  domain hash size = 128
[    0.383234] NetLabel:  protocols = UNLABELED CIPSOv4 CALIPSO
[    0.384030] NetLabel:  unlabeled traffic allowed by default
[    0.388149] clocksource: Switched to clocksource kvm-clock
[    0.394969] VFS: Disk quotas dquot_6.6.0
[    0.394969] VFS: Dquot-cache hash table entries: 512 (order 0, 4096 bytes)
[    0.394969] AppArmor: AppArmor Filesystem Enabled
[    0.394969] pnp: PnP ACPI init
[    0.394969] pnp: PnP ACPI: found 3 devices
[    0.423900] clocksource: acpi_pm: mask: 0xffffff max_cycles: 0xffffff, max_idle_ns: 2085701024 ns
[    0.424326] NET: Registered protocol family 2
[    0.424326] IP idents hash table entries: 65536 (order: 7, 524288 bytes)
[    0.429476] TCP established hash table entries: 32768 (order: 6, 262144 bytes)
[    0.431363] TCP bind hash table entries: 32768 (order: 7, 524288 bytes)
[    0.433372] TCP: Hash tables configured (established 32768 bind 32768)
[    0.433372] UDP hash table entries: 2048 (order: 4, 65536 bytes)
[    0.433372] UDP-Lite hash table entries: 2048 (order: 4, 65536 bytes)
[    0.433372] NET: Registered protocol family 1
[    0.433372] pci 0000:00:00.0: Limiting direct PCI/PCI transfers
[    0.433372] pci 0000:00:01.0: Activating ISA DMA hang workarounds
[    0.433372] pci 0000:00:02.0: Video device with shadowed ROM at [mem 0x000c0000-0x000dffff]
[    0.433372] Unpacking initramfs...
[    0.433372] Freeing initrd memory: 19528K
[    0.433372] PCI-DMA: Using software bounce buffering for IO (SWIOTLB)
[    0.433372] software IO TLB: mapped [mem 0xdbff0000-0xdfff0000] (64MB)
[    0.433372] clocksource: tsc: mask: 0xffffffffffffffff max_cycles: 0x2f7a78d8787, max_idle_ns: 440795347541 ns
[    0.433372] platform rtc_cmos: registered platform RTC device (no PNP device found)
[    0.433372] Scanning for low memory corruption every 60 seconds
[    0.845462] Initialise system trusted keyrings
[    0.846865] Key type blacklist registered
[    0.848328] workingset: timestamp_bits=36 max_order=20 bucket_order=0
[    0.852917] zbud: loaded
[    0.854528] squashfs: version 4.0 (2009/01/31) Phillip Lougher
[    0.856348] fuse init (API version 7.26)
[    0.862546] Key type asymmetric registered
[    0.863951] Asymmetric key parser 'x509' registered
[    0.865737] Block layer SCSI generic (bsg) driver version 0.4 loaded (major 246)
[    0.868673] io scheduler noop registered
[    0.870210] io scheduler deadline registered
[    0.871905] io scheduler cfq registered (default)
[    0.873932] ACPI: AC Adapter [AC] (off-line)
[    0.875563] input: Power Button as /devices/LNXSYSTM:00/LNXPWRBN:00/input/input0
[    0.877805] ACPI: Power Button [PWRF]
[    0.879149] input: Sleep Button as /devices/LNXSYSTM:00/LNXSLPBN:00/input/input1
[    0.881582] ACPI: Sleep Button [SLPF]
[    0.884178] Serial: 8250/16550 driver, 32 ports, IRQ sharing enabled
[    0.884259] ACPI: Battery Slot [BAT0] (battery present)
[    0.908766] 00:02: ttyS0 at I/O 0x3f8 (irq = 4, base_baud = 115200) is a 16550A
[    0.915465] Linux agpgart interface v0.103
[    0.920948] loop: module loaded
[    0.922804] scsi host0: ata_piix
[    0.923837] scsi host1: ata_piix
[    0.924812] ata1: PATA max UDMA/33 cmd 0x1f0 ctl 0x3f6 bmdma 0xd000 irq 14
[    0.926416] ata2: PATA max UDMA/33 cmd 0x170 ctl 0x376 bmdma 0xd008 irq 15
[    0.928278] tun: Universal TUN/TAP device driver, 1.6
[    0.930064] PPP generic driver version 2.4.2
[    0.931270] ehci_hcd: USB 2.0 'Enhanced' Host Controller (EHCI) Driver
[    0.932874] ehci-pci: EHCI PCI platform driver
[    0.933985] ehci-platform: EHCI generic platform driver
[    0.935254] ohci_hcd: USB 1.1 'Open' Host Controller (OHCI) Driver
[    0.936807] ohci-pci: OHCI PCI platform driver
[    0.938175] ohci-platform: OHCI generic platform driver
[    0.939501] uhci_hcd: USB Universal Host Controller Interface driver
[    0.941140] i8042: PNP: PS/2 Controller [PNP0303:PS2K,PNP0f03:PS2M] at 0x60,0x64 irq 1,12
[    0.943752] serio: i8042 KBD port at 0x60,0x64 irq 1
[    0.945181] serio: i8042 AUX port at 0x60,0x64 irq 12
[    0.946831] mousedev: PS/2 mouse device common for all mice
[    0.948697] input: AT Translated Set 2 keyboard as /devices/platform/i8042/serio0/input/input2
[    0.951338] rtc_cmos rtc_cmos: rtc core: registered rtc_cmos as rtc0
[    0.952989] rtc_cmos rtc_cmos: alarms up to one day, 114 bytes nvram
[    0.954563] i2c /dev entries driver
[    0.955540] device-mapper: uevent: version 1.0.3
[    0.956857] device-mapper: ioctl: 4.37.0-ioctl (2017-09-20) initialised: dm-devel@redhat.com
[    0.958936] ledtrig-cpu: registered to indicate activity on CPUs
[    0.960998] NET: Registered protocol family 10
[    0.967369] Segment Routing with IPv6
[    0.968417] NET: Registered protocol family 17
[    0.969648] Key type dns_resolver registered
[    0.970935] mce: Using 0 MCE banks
[    0.971843] RAS: Correctable Errors collector initialized.
[    0.973240] sched_clock: Marking stable (973187141, 0)->(1352454980, -379267839)
[    0.975550] registered taskstats version 1
[    0.976664] Loading compiled-in X.509 certificates
[    0.980563] Loaded X.509 cert 'Build time autogenerated kernel key: b5b26778eaa3ab3a4a6cee031137706e947d12ad'
[    0.983664] Loaded X.509 cert 'Canonical Ltd. Live Patch Signing: 14df34d1a87cf37625abec039ef2bf521249b969'
[    0.986766] Loaded X.509 cert 'Canonical Ltd. Kernel Module Signing: 88f752e560a1e0737e31163a466ad7b70a850c19'
[    0.989230] blacklist: Loading compiled-in revocation X.509 certificates
[    0.990789] Loaded X.509 cert 'Canonical Ltd. Secure Boot Signing: 61482aa2830d0ab2ad5af10b7250da9033ddcef0'
[    0.993123] Loaded X.509 cert 'Canonical Ltd. Secure Boot Signing (2017): 242ade75ac4a15e50d50c84b0d45ff3eae707a03'
[    0.995554] Loaded X.509 cert 'Canonical Ltd. Secure Boot Signing (ESM 2018): 365188c1d374d6b07c3c8f240f8ef722433d6a8b'
[    0.998086] Loaded X.509 cert 'Canonical Ltd. Secure Boot Signing (2019): c0746fd6c5da3ae827864651ad66ae47fe24b3e8'
[    1.000541] Loaded X.509 cert 'Canonical Ltd. Secure Boot Signing (2021 v1): a8d54bbb3825cfb94fa13c9f8a594a195c107b8d'
[    1.003005] Loaded X.509 cert 'Canonical Ltd. Secure Boot Signing (2021 v2): 4cf046892d6fd3c9a5b03f98d845f90851dc6a8c'
[    1.005528] Loaded X.509 cert 'Canonical Ltd. Secure Boot Signing (2021 v3): 100437bb6de6e469b581e61cd66bce3ef4ed53af'
[    1.008044] Loaded X.509 cert 'Canonical Ltd. Secure Boot Signing (Ubuntu Core 2019): c1d57b8f6b743f23ee41f4f7ee292f06eecadfb9'
[    1.010850] zswap: loaded using pool lzo/zbud
[    1.015962] Key type big_key registered
[    1.017015] Key type trusted registered
[    1.019968] Key type encrypted registered
[    1.021043] AppArmor: AppArmor sha1 policy hashing enabled
[    1.022369] ima: No TPM chip found, activating TPM-bypass! (rc=-19)
[    1.023844] ima: Allocated hash algorithm: sha1
[    1.025029] evm: HMAC attrs: 0x1
[    1.026206]   Magic number: 1:723:278
[    1.027168] tty tty15: hash matches
[    1.028213] rtc_cmos rtc_cmos: setting system clock to 2025-03-10 12:15:47 UTC (1741608947)
[    1.030357] BIOS EDD facility v0.16 2004-Jun-25, 0 devices found
[    1.031782] EDD information not available.
[    1.115449] Freeing unused kernel image memory: 2480K
[    1.128339] Write protecting the kernel read-only data: 20480k
[    1.130468] Freeing unused kernel image memory: 2008K
[    1.132179] Freeing unused kernel image memory: 1820K
[    1.140820] x86/mm: Checked W+X mappings: passed, no W+X pages found.
Loading, please wait...
starting version 237
[    1.247307] e1000: Intel(R) PRO/1000 Network Driver - version 7.3.21-k8-NAPI
[    1.250708] e1000: Copyright (c) 1999-2006 Intel Corporation.
[    1.253260] Fusion MPT base driver 3.04.20
[    1.254761] Copyright (c) 1999-2008 LSI Corporation
[    1.269418] Fusion MPT SPI Host driver 3.04.20
[    1.277719] AVX2 version of gcm_enc/dec engaged.
[    1.280031] AES CTR mode by8 optimization enabled
[    1.464987] input: ImExPS/2 Generic Explorer Mouse as /devices/platform/i8042/serio1/input/input4
[    2.210319] e1000 0000:00:03.0 eth0: (PCI:33MHz:32-bit) 02:3b:7b:b7:3b:2d
[    2.212043] e1000 0000:00:03.0 eth0: Intel(R) PRO/1000 Network Connection
[    2.215049] mptbase: ioc0: Initiating bringup
[    2.320390] ioc0: LSI53C1030 A0: Capabilities={Initiator}
[    2.563013] scsi host2: ioc0: LSI53C1030 A0, FwRev=00000000h, Ports=1, MaxQ=256, IRQ=20
[    3.924084] scsi 2:0:0:0: Direct-Access     VBOX     HARDDISK         1.0  PQ: 0 ANSI: 5
[    3.956402] scsi target2:0:0: Beginning Domain Validation
[    3.959151] scsi target2:0:0: Domain Validation skipping write tests
[    3.961300] scsi target2:0:0: Ending Domain Validation
[    3.963343] scsi target2:0:0: asynchronous
[    3.965237] scsi 2:0:1:0: Direct-Access     VBOX     HARDDISK         1.0  PQ: 0 ANSI: 5
[    4.288221] scsi target2:0:1: Beginning Domain Validation
[    4.291843] scsi target2:0:1: Domain Validation skipping write tests
[    4.293747] scsi target2:0:1: Ending Domain Validation
[    4.295838] scsi target2:0:1: asynchronous
[    4.303745] sd 2:0:0:0: Attached scsi generic sg0 type 0
[    4.306133] sd 2:0:0:0: [sda] 83886080 512-byte logical blocks: (42.9 GB/40.0 GiB)
[    4.308530] sd 2:0:0:0: [sda] Write Protect is off
[    4.309956] sd 2:0:0:0: [sda] Incomplete mode parameter data
[    4.311389] sd 2:0:0:0: [sda] Assuming drive cache: write through
[    4.314081] sd 2:0:1:0: Attached scsi generic sg1 type 0
[    4.314324] sd 2:0:1:0: [sdb] 20480 512-byte logical blocks: (10.5 MB/10.0 MiB)
[    4.317487] sd 2:0:1:0: [sdb] Write Protect is off
[    4.318856] sd 2:0:1:0: [sdb] Incomplete mode parameter data
[    4.320623] sd 2:0:1:0: [sdb] Assuming drive cache: write through
[    4.324092]  sda: sda1
[    4.325584] sd 2:0:0:0: [sda] Attached SCSI disk
[    4.327557] sd 2:0:1:0: [sdb] Attached SCSI disk
[    4.364881] e1000 0000:00:08.0 eth1: (PCI:33MHz:32-bit) 08:00:27:03:37:5b
[    4.366619] e1000 0000:00:08.0 eth1: Intel(R) PRO/1000 Network Connection
[    4.371204] e1000 0000:00:08.0 enp0s8: renamed from eth1
[    4.392628] e1000 0000:00:03.0 enp0s3: renamed from eth0
Begin: Loading essential drivers ... [    6.100181] raid6: sse2x1   gen()  2719 MB/s
[    6.148035] raid6: sse2x1   xor()  4522 MB/s
[    6.196094] raid6: sse2x2   gen()  6005 MB/s
[    6.244235] raid6: sse2x2   xor()  6886 MB/s
[    6.292233] raid6: sse2x4   gen()  8693 MB/s
[    6.340184] raid6: sse2x4   xor()  4867 MB/s
[    6.388164] raid6: avx2x1   gen()  6841 MB/s
[    6.436355] raid6: avx2x1   xor() 10427 MB/s
[    6.489694] raid6: avx2x2   gen() 14441 MB/s
[    6.536314] raid6: avx2x2   xor() 13541 MB/s
[    6.584117] raid6: avx2x4   gen() 15676 MB/s
[    6.632095] raid6: avx2x4   xor()  7791 MB/s
[    6.633448] raid6: using algorithm avx2x4 gen() 15676 MB/s
[    6.635063] raid6: .... xor() 7791 MB/s, rmw enabled
[    6.636879] raid6: using avx2x2 recovery algorithm
[    6.640543] xor: automatically using best checksumming function   avx       
[    6.644473] async_tx: api initialized (async)
done.
Begin: Running /scripts/init-premount ... done.
Begin: Mounting root file system ... Begin: Running /scripts/local-top ... done.
Begin: Running /scripts/local-premount ... [    6.711307] Btrfs loaded, crc32c=crc32c-intel
Scanning for Btrfs filesystems
done.
Warning: fsck not present, so skipping root file system
[    6.747497] EXT4-fs (sda1): mounted filesystem with ordered data mode. Opts: (null)
done.
Begin: Running /scripts/local-bottom ... done.
Begin: Running /scripts/init-bottom ... done.
[    6.919773] ip_tables: (C) 2000-2006 Netfilter Core Team
[    6.934795] systemd[1]: systemd 237 running in system mode. (+PAM +AUDIT +SELINUX +IMA +APPARMOR +SMACK +SYSVINIT +UTMP +LIBCRYPTSETUP +GCRYPT +GNUTLS +ACL +XZ +LZ4 +SECCOMP +BLKID +ELFUTILS +KMOD -IDN2 +IDN -PCRE2 default-hierarchy=hybrid)
[    6.940549] systemd[1]: Detected virtualization oracle.
[    6.942083] systemd[1]: Detected architecture x86-64.

Welcome to [1mUbuntu 18.04.6 LTS[0m!

[    6.950922] systemd[1]: Set hostname to <ubuntu>.
[    6.955006] systemd[1]: Initializing machine ID from random generator.
[    6.956848] systemd[1]: Installed transient /etc/machine-id file.
[    7.453289] systemd[1]: Created slice User and Session Slice.
[[0;32m  OK  [0m] Created slice User and Session Slice.
[    7.456197] systemd[1]: Created slice System Slice.
[[0;32m  OK  [0m] Created slice System Slice.
[    7.459285] systemd[1]: Created slice system-serial\x2dgetty.slice.
[[0;32m  OK  [0m] Created slice system-serial\x2dgetty.slice.
[    7.462542] systemd[1]: Reached target Slices.
[[0;32m  OK  [0m] Reached target Slices.
[[0;32m  OK  [0m] Listening on Network Service Netlink Socket.
[[0;32m  OK  [0m] Reached target Swap.
[[0;32m  OK  [0m] Listening on Journal Socket.
         Mounting Kernel Debug File System...
         Mounting POSIX Message Queue File System...
         Starting Load Kernel Modules...
[[0;32m  OK  [0m] Listening on Device-mapper event daemon FIFOs.
         Starting Uncomplicated firewall...
[[0;32m  OK  [0m] Listening on udev Kernel Socket.
[[0;32m  OK  [0m] Listening on /dev/initctl Compatibility Named Pipe.
[[0;32m  OK  [0m] Reached target System Time Synchronized.
[[0;32m  OK  [0m] Reached target Mounting snaps.
[[0;32m  OK  [0m] Listening on fsck to fsckd communication Socket.
[[0;32m  OK  [0m] Reached target User and Group Name Lookups.
         Starting Create list of required st…ce nodes for the current kernel...
[[0;32m  OK  [0m] Started Forward Password Requests to Wall Directory Watch.
[[0;32m  OK  [0m] Listening on LVM2 poll daemon socket.
[    7.494000] Loading iSCSI transport class v2.0-870.
[[0;32m  OK  [0m] Listening on Syslog Socket.
[[0;32m  OK  [0m] Set up automount Arbitrary Executab…rmats File System Automount Point.
[[0;32m  OK  [0m] Reached target Mounted snaps.
[[0;32m  OK  [0m] Listening on Journal Audit Socket.
[[0;32m  OK  [0m] Listening on udev Control Socket.
         Starting udev Coldplug all Devices...
         Starting File System Check on Root Device...
         Mounting Huge Pages File System...
[[0;32m  OK  [0m] Listening on Journal Socket (/dev/log).
         Starting Journal Service...
[    7.523674] iscsi: registered transport (tcp)
[[0;32m  OK  [0m] Listening on LVM2 metadata daemon socket.
         Starting Monitoring of LVM2 mirrors…ng dmeventd or progress polling...
         Starting Set the console keyboard layout...
[[0;32m  OK  [0m] Mounted Kernel Debug File System.
[[0;32m  OK  [0m] Mounted POSIX Message Queue File System.
[[0;32m  OK  [0m] Started Uncomplicated firewall.
[[0;32m  OK  [0m] Started Create list of required sta…vice nodes for the current kernel.
[[0;32m  OK  [0m] Mounted Huge Pages File System.
         Starting Create Static Device Nodes in /dev...
[[0;32m  OK  [0m] Started File System Check Daemon to report status.
[[0;32m  OK  [0m] Started LVM2 metadata daemon.
[[0;32m  OK  [0m] Started Create Static Device Nodes in /dev.
[[0;32m  OK  [0m] Started Journal Service.
[[0;32m  OK  [0m] Started udev Coldplug all Devices.
[[0;32m  OK  [0m] Started File System Check on Root Device.
         Starting Remount Root and Kernel File Systems...
[[0;32m  OK  [0m] Started Monitoring of LVM2 mirrors,…sing dmeventd or progress polling.
[    7.728940] iscsi: registered transport (iser)
[[0;32m  OK  [0m] Started Load Kernel Modules.
         Starting Apply Kernel Variables...
         Mounting FUSE Control File System...
         Mounting Kernel Configuration File System...
[    7.743519] EXT4-fs (sda1): re-mounted. Opts: (null)
[[0;32m  OK  [0m] Mounted FUSE Control File System.
[[0;32m  OK  [0m] Mounted Kernel Configuration File System.
[[0;32m  OK  [0m] Started Remount Root and Kernel File Systems.
         Starting Flush Journal to Persistent Storage...
         Starting Load/Save Random Seed...
         Starting udev Kernel Device Manager...
[[0;32m  OK  [0m] Started Load/Save Random Seed.
[[0;32m  OK  [0m] Started udev Kernel Device Manager.
[[0;32m  OK  [0m] Started Apply Kernel Variables.
[[0;32m  OK  [0m] Started Flush Journal to Persistent Storage.
[[0;32m  OK  [0m] Found device /dev/ttyS0.
[[0;32m  OK  [0m] Listening on Load/Save RF Kill Switch Status /dev/rfkill Watch.
         Mounting Arbitrary Executable File Formats File System...
[[0;32m  OK  [0m] Mounted Arbitrary Executable File Formats File System.
[[0;32m  OK  [0m] Started Set the console keyboard layout.
[[0;32m  OK  [0m] Reached target Local File Systems (Pre).
[[0;32m  OK  [0m] Reached target Local File Systems.
         Starting Set console font and keymap...
         Starting Commit a transient machine-id on disk...
         Starting AppArmor initialization...
         Starting Create Volatile Files and Directories...
         Starting ebtables ruleset management...
         Starting Tell Plymouth To Write Out Runtime Data...
[[0;32m  OK  [0m] Started Dispatch Password Requests to Console Directory Watch.
[[0;32m  OK  [0m] Reached target Local Encrypted Volumes.
[[0;32m  OK  [0m] Started Tell Plymouth To Write Out Runtime Data.
[[0;32m  OK  [0m] Started Create Volatile Files and Directories.
         Starting Update UTMP about System Boot/Shutdown...
[[0;32m  OK  [0m] Started Update UTMP about System Boot/Shutdown.
[[0;32m  OK  [0m] Started Commit a transient machine-id on disk.
[[0;32m  OK  [0m] Started ebtables ruleset management.
[[0;32m  OK  [0m] Started Set console font and keymap.
[[0;32m  OK  [0m] Started AppArmor initialization.
         Starting Load AppArmor profiles managed internally by snapd...
         Starting Initial cloud-init job (pre-networking)...
[[0;32m  OK  [0m] Started Load AppArmor profiles managed internally by snapd.
[   14.271924] cloud-init[832]: Cloud-init v. 23.1.2-0ubuntu0~18.04.1 running 'init-local' at Mon, 10 Mar 2025 12:16:00 +0000. Up 13.70 seconds.
[[0;32m  OK  [0m] Started Initial cloud-init job (pre-networking).
[[0;32m  OK  [0m] Reached target Network (Pre).
         Starting Network Service...
[[0;32m  OK  [0m] Started Network Service.
         Starting Wait for Network to be Configured...
         Starting Network Name Resolution...
[[0;32m  OK  [0m] Started Network Name Resolution.
[[0;32m  OK  [0m] Reached target Network.
[[0;32m  OK  [0m] Reached target Host and Network Name Lookups.
[[0;32m  OK  [0m] Started Wait for Network to be Configured.
         Starting Initial cloud-init job (metadata service crawler)...
[   17.370448] cloud-init[954]: Cloud-init v. 23.1.2-0ubuntu0~18.04.1 running 'init' at Mon, 10 Mar 2025 12:16:03 +0000. Up 17.05 seconds.
[   17.375557] cloud-init[954]: ci-info: ++++++++++++++++++++++++++++++++++++++Net device info+++++++++++++++++++++++++++++++++++++++
[   17.379160] cloud-init[954]: ci-info: +--------+-------+----------------------------+---------------+--------+-------------------+
[   17.383978] cloud-init[954]: ci-info: | Device |   Up  |          Address           |      Mask     | Scope  |     Hw-Address    |
[   17.389656] cloud-init[954]: ci-info: +--------+-------+----------------------------+---------------+--------+-------------------+
[   17.392443] cloud-init[954]: ci-info: | enp0s3 |  True |         10.0.2.15          | 255.255.255.0 | global | 02:3b:7b:b7:3b:2d |
[   17.395085] cloud-init[954]: ci-info: | enp0s3 |  True | fe80::3b:7bff:feb7:3b2d/64 |       .       |  link  | 02:3b:7b:b7:3b:2d |
[   17.397653] cloud-init[954]: ci-info: | enp0s8 | False |             .              |       .       |   .    | 08:00:27:03:37:5b |
[   17.400106] cloud-init[954]: ci-info: |   lo   |  True |         127.0.0.1          |   255.0.0.0   |  host  |         .         |
[   17.402800] cloud-init[954]: ci-info: |   lo   |  True |          ::1/128           |       .       |  host  |         .         |
[   17.405032] cloud-init[954]: ci-info: +--------+-------+----------------------------+---------------+--------+-------------------+
[   17.407667] cloud-init[954]: ci-info: ++++++++++++++++++++++++++++Route IPv4 info+++++++++++++++++++++++++++++
[   17.410081] cloud-init[954]: ci-info: +-------+-------------+----------+-----------------+-----------+-------+
[   17.412517] cloud-init[954]: ci-info: | Route | Destination | Gateway  |     Genmask     | Interface | Flags |
[   17.415040] cloud-init[954]: ci-info: +-------+-------------+----------+-----------------+-----------+-------+
[   17.417125] cloud-init[954]: ci-info: |   0   |   0.0.0.0   | 10.0.2.2 |     0.0.0.0     |   enp0s3  |   UG  |
[   17.419282] cloud-init[954]: ci-info: |   1   |   10.0.2.0  | 0.0.0.0  |  255.255.255.0  |   enp0s3  |   U   |
[   17.421589] cloud-init[954]: ci-info: |   2   |   10.0.2.2  | 0.0.0.0  | 255.255.255.255 |   enp0s3  |   UH  |
[   17.423761] cloud-init[954]: ci-info: +-------+-------------+----------+-----------------+-----------+-------+
[   17.426141] cloud-init[954]: ci-info: +++++++++++++++++++Route IPv6 info+++++++++++++++++++
[   17.428323] cloud-init[954]: ci-info: +-------+-------------+---------+-----------+-------+
[   17.430340] cloud-init[954]: ci-info: | Route | Destination | Gateway | Interface | Flags |
[   17.432052] cloud-init[954]: ci-info: +-------+-------------+---------+-----------+-------+
[   17.434049] cloud-init[954]: ci-info: |   1   |  fe80::/64  |    ::   |   enp0s3  |   U   |
[   17.436243] cloud-init[954]: ci-info: |   3   |    local    |    ::   |   enp0s3  |   U   |
[   17.439643] cloud-init[954]: ci-info: |   4   |   ff00::/8  |    ::   |   enp0s3  |   U   |
[   17.441623] cloud-init[954]: ci-info: +-------+-------------+---------+-----------+-------+
[   18.456141] cloud-init[954]: Generating public/private rsa key pair.
[   18.457453] cloud-init[954]: Your identification has been saved in /etc/ssh/ssh_host_rsa_key.
[   18.458980] cloud-init[954]: Your public key has been saved in /etc/ssh/ssh_host_rsa_key.pub.
[   18.460598] cloud-init[954]: The key fingerprint is:
[   18.461554] cloud-init[954]: SHA256:JKJCgjaLeI1ISnNErKDCPRee4ScDxFXqo5rgWdbVhSE root@ubuntu-bionic
[   18.463163] cloud-init[954]: The key's randomart image is:
[   18.464230] cloud-init[954]: +---[RSA 2048]----+
[   18.465150] cloud-init[954]: |  =+...E .       |
[   18.466018] cloud-init[954]: |o .+ o. . o      |
[   18.466870] cloud-init[954]: |*Bo.=.= .. .     |
[   18.467760] cloud-init[954]: |%+=*.O +. .      |
[   18.468691] cloud-init[954]: |B.+ +o+.S.       |
[   18.469530] cloud-init[954]: | o  o o          |
[   18.470397] cloud-init[954]: |.  + .           |
[   18.471293] cloud-init[954]: |o *              |
[   18.472206] cloud-init[954]: | =               |
[   18.488074] cloud-init[954]: +----[SHA256]-----+
[   18.489020] cloud-init[954]: Generating public/private dsa key pair.
[   18.489987] cloud-init[954]: Your identification has been saved in /etc/ssh/ssh_host_dsa_key.
[   18.491557] cloud-init[954]: Your public key has been saved in /etc/ssh/ssh_host_dsa_key.pub.
[   18.493068] cloud-init[954]: The key fingerprint is:
[   18.493961] cloud-init[954]: SHA256:ubsOJP6r/wPmE1pzpyeOrEMipd0vuQbDUAjbhbr+GQs root@ubuntu-bionic
[   18.495391] cloud-init[954]: The key's randomart image is:
[   18.522002] cloud-init[954]: +---[DSA 1024]----+
[   18.522949] cloud-init[954]: |o. ..            |
[   18.523972] cloud-init[954]: |.oo.             |
[   18.525112] cloud-init[954]: |.o.              |
[   18.526061] cloud-init[954]: |o .      .       |
[   18.526997] cloud-init[954]: | B .. . S        |
[   18.538003] cloud-init[954]: |+ *.oo* ...      |
[   18.554765] cloud-init[954]: |.E *.B.=.o       |
[   18.555885] cloud-init[954]: | .. Xo+o+..      |
[   18.557092] cloud-init[954]: |  .=+B***=       |
[   18.558309] cloud-init[954]: +----[SHA256]-----+
[   18.559380] cloud-init[954]: Generating public/private ecdsa key pair.
[   18.560636] cloud-init[954]: Your identification has been saved in /etc/ssh/ssh_host_ecdsa_key.
[   18.575002] cloud-init[954]: Your public key has been saved in /etc/ssh/ssh_host_ecdsa_key.pub.
[   18.576634] cloud-init[954]: The key fingerprint is:
[   18.593009] cloud-init[954]: SHA256:MmO3dwcuJeu4ueTekk+3ENFrglZkHw5WbmINOXFOOWE root@ubuntu-bionic
[   18.594614] cloud-init[954]: The key's randomart image is:
[   18.595951] cloud-init[954]: +---[ECDSA 256]---+
[   18.597238] cloud-init[954]: |          B+Eo   |
[   18.598185] cloud-init[954]: |         +o&o.   |
[   18.599055] cloud-init[954]: |          =.O.   |
[   18.617377] [[0;32m  OK  [0m] Started Initial cloud-init job (metadata service crawler).
[[0;32m  OK  [0m] Reached target System Initialization.
[[0;32m  OK  [0m] Listening on UUID daemon activation socket.
[[0;32m  OK  [0m] Started Discard unused blocks once a week.
[[0;32m  OK  [0m] Started Daily Cleanup of Temporary Directories.
cloud-init[954]: |         + + .   |
[   18.623585] cloud-init[954]: |      = S + =    |
[   18.624767] cloud-init[954]: |     . * . O .   |
[   18.625968] cloud-init[954]: |        o.* + .  |
[   18.627261] cloud-init[954]: |       ooB = o   |
[   18.628516] cloud-init[954]: |       .B=+ .    |
[   18.630039] cloud-init[954]: +----[SHA256]-----+
[   18.631172] cloud-init[954]: Generating public/private ed25519 key pair.
[   18.632540] cloud-init[954]: Your identification has been saved in /etc/ssh/ssh_host_ed25519_key.         Starting LXD - unix socket.
[[0;32m  OK  [0m] Listening on cloud-init hotplug hook socket.

[   18.636351] [[0;32m  OK  [0m] Started ACPI Events Check.
[[0;32m  OK  [0m] Listening on Open-iSCSI iscsid Socket.
cloud-init[954]: Your public key has been saved in /etc/ssh/ssh_host_ed25519_key.pub.         Starting Socket activation for snappy daemon.
[[0;32m  OK  [0m] Started Message of the Day.
[[0;32m  OK  [0m] Started Daily apt download activities.
[[0;32m  OK  [0m] Started Daily apt upgrade and clean activities.
[[0;32m  OK  [0m] Reached target Paths.
[[0;32m  OK  [0m] Listening on ACPID Listen Socket.
[[0;32m  OK  [0m] Listening on D-Bus System Message Bus Socket.
[[0;32m  OK  [0m] Started Ubuntu Advantage Timer for running repeated jobs.
[[0;32m  OK  [0m] Reached target Timers.
[[0;32m  OK  [0m] Reached target Network is Online.

[   18.650147] cloud-init[954]: The key fingerprint is:
[   18.652738] cloud-init[954]: SHA256:mrgJp6xc08wDpqSD9jNp9DSvbZfLZPcRXjrUHzId3jM root@ubuntu-bionic
[   18.654909]          Starting Availability of block devices...
[[0;32m  OK  [0m] Reached target Remote File Systems (Pre).
[[0;32m  OK  [0m] Reached target Remote File Systems.
[[0;32m  OK  [0m] Reached target Cloud-config availability.
[[0;32m  OK  [0m] Listening on LXD - unix socket.
[[0;32m  OK  [0m] Listening on Socket activation for snappy daemon.
[[0;32m  OK  [0m] Reached target Sockets.
[[0;32m  OK  [0m] Reached target Basic System.cloud-init[954]: The key's randomart image is:
[   18.662723] cloud-init[954]: +--[ED25519 256]--+

[   18.665920]          Starting Permit User Sessions...
cloud-init[954]: |                 |
[   18.667508] cloud-init[954]: |                 |
[[0;32m  OK  [0m] Started irqbalance daemon.
[   18.672639] cloud-init[954]: |               . |         Starting LXD - container startup/shutdown...

[   18.675290] cloud-init[954]: |              + o|         Starting Accounts Service...
         Starting Pollinate to seed the pseudo random number generator...

[   18.681527] cloud-init[954]: | . o    S    = E.|
[   18.682801] cloud-init[954]:          Starting LSB: Record successful boot for GRUB...
|+ o.=+ o    o * =|[[0;32m  OK  [0m] Started Deferred execution scheduler.

[   18.689684] cloud-init[954]: |+ooo*==  o.. =  .|
[   18.690731] cloud-init[954]: |oooO.+oo+o. . o  |
[   18.692010] cloud-init[954]: |.o+.=.o..o.  .   |
[   18.696360] cloud-init[954]: +----[SHA256]-----+
         Starting Snap Daemon...
         Starting System Logging Service...
         Starting Virtualbox guest utils...
         Starting Dispatcher daemon for systemd-networkd...
[[0;32m  OK  [0m] Reached target Login Prompts (Pre).
         Starting LSB: automatic crash report generation...
[[0;32m  OK  [0m] Started D-Bus System Message Bus.
[[0;32m  OK  [0m] Started Regular background program processing daemon.
         Starting Login Service...
[[0;32m  OK  [0m] Started FUSE filesystem for LXC.
[[0;32m  OK  [0m] Started System Logging Service.
[[0;32m  OK  [0m] Started Availability of block devices.
[[0;32m  OK  [0m] Started Permit User Sessions.
[[0;32m  OK  [0m] Started LXD - container startup/shutdown.
         Starting Authorization Manager...
         Starting Terminate Plymouth Boot Screen...
         Starting Hold until boot process finishes up...
[[0;32m  OK  [0m] Started Hold until boot process finishes up.
[[0;32m  OK  [0m] Started Login Service.
[[0;32m  OK  [0m] Started Unattended Upgrades Shutdown.
[[0;32m  OK  [0m] Started Serial Getty on ttyS0.
         Starting Set console scheme...
[[0;32m  OK  [0m] Started Terminate Plymouth Boot Screen.
[[0;32m  OK  [0m] Started LSB: automatic crash report generation.
[[0;32m  OK  [0m] Started Authorization Manager.
[[0;32m  OK  [0m] Started Accounts Service.
[[0;32m  OK  [0m] Started Set console scheme.
[[0;32m  OK  [0m] Created slice system-getty.slice.
[[0;32m  OK  [0m] Started Getty on tty1.
[[0;32m  OK  [0m] Reached target Login Prompts.
[[0;32m  OK  [0m] Started Virtualbox guest utils.
[[0;32m  OK  [0m] Started Dispatcher daemon for systemd-networkd.
[[0;32m  OK  [0m] Started LSB: Record successful boot for GRUB.
[[0;32m  OK  [0m] Started Snap Daemon.
         Starting Wait until snapd is fully seeded...
[[0;32m  OK  [0m] Started Pollinate to seed the pseudo random number generator.
         Starting OpenBSD Secure Shell server...
[[0;32m  OK  [0m] Started OpenBSD Secure Shell server.
[[0;32m  OK  [0m] Created slice User Slice of vagrant.
         Starting User Manager for UID 1000...
[[0;32m  OK  [0m] Started Session 1 of user vagrant.
[[0;32m  OK  [0m] Started User Manager for UID 1000.
         Starting Time & Date Service...
[[0;32m  OK  [0m] Started Time & Date Service.
[[0;32m  OK  [0m] Started Wait until snapd is fully seeded.
         Starting Apply the settings specified in cloud-config...

Ubuntu 18.04.6 LTS ubuntu-bionic ttyS0

ubuntu-bionic login: [   25.569411] cloud-init[1596]: Cloud-init v. 23.1.2-0ubuntu0~18.04.1 running 'modules:config' at Mon, 10 Mar 2025 12:16:11 +0000. Up 24.80 seconds.
ci-info: no authorized SSH keys fingerprints found for user ubuntu.
<14>Mar 10 12:16:13 cloud-init: #############################################################
<14>Mar 10 12:16:13 cloud-init: -----BEGIN SSH HOST KEY FINGERPRINTS-----
<14>Mar 10 12:16:13 cloud-init: 1024 SHA256:ubsOJP6r/wPmE1pzpyeOrEMipd0vuQbDUAjbhbr+GQs root@ubuntu-bionic (DSA)
<14>Mar 10 12:16:13 cloud-init: 256 SHA256:MmO3dwcuJeu4ueTekk+3ENFrglZkHw5WbmINOXFOOWE root@ubuntu-bionic (ECDSA)
<14>Mar 10 12:16:13 cloud-init: 256 SHA256:mrgJp6xc08wDpqSD9jNp9DSvbZfLZPcRXjrUHzId3jM root@ubuntu-bionic (ED25519)
<14>Mar 10 12:16:13 cloud-init: 2048 SHA256:JKJCgjaLeI1ISnNErKDCPRee4ScDxFXqo5rgWdbVhSE root@ubuntu-bionic (RSA)
<14>Mar 10 12:16:13 cloud-init: -----END SSH HOST KEY FINGERPRINTS-----
<14>Mar 10 12:16:13 cloud-init: #############################################################
-----BEGIN SSH HOST KEY KEYS-----
ecdsa-sha2-nistp256 AAAAE2VjZHNhLXNoYTItbmlzdHAyNTYAAAAIbmlzdHAyNTYAAABBBAfjVGjWjljzEIZ08aVR3WZAqvrSHz45mkXlPQ3YO+TVzklYtioyeOv2cw4JYX4+kYuqK0WZ0wwlk/NfZW1IXJY= root@ubuntu-bionic
ssh-ed25519 AAAAC3NzaC1lZDI1NTE5AAAAIInyBAx+6uAPlKHAHTYd7g0LbIi2gliw8pLkkyMKGfWn root@ubuntu-bionic
ssh-rsa AAAAB3NzaC1yc2EAAAADAQABAAABAQDeucHSkFMofFyDJhU7CQK2F4sQ9PaGCeqKagZo1XdwVOgBU5hDIp1FL3UdxyGkSurAtj0YQB6jpiBWRi/vHYC8n1xwnynvZXAQWnNyJRHSZ0wePAiEefM2zqn2XbYfYUloVUoUSvCgHZ26VCzk1gyAm25R/unde2QCGoISJBkgFhpBM2YnQgLxRoEwqcz+3mLmfsKrTbQST6Q2EAGi4e/QZqdgOZ1l7mUU2J+wBymN44ceMU1wyt8W5L8rMwltjfrJTuLDU6qMiAU9qfN1XCh13i6IVrDO37mUp8a12UdPu0+HSunomXr7Jc/15cmKtQi7VV2rniw8jfjzaGWHPQUL root@ubuntu-bionic
-----END SSH HOST KEY KEYS-----
[   27.171169] cloud-init[1808]: Cloud-init v. 23.1.2-0ubuntu0~18.04.1 running 'modules:final' at Mon, 10 Mar 2025 12:16:13 +0000. Up 26.77 seconds.
[   27.174468] cloud-init[1808]: Cloud-init v. 23.1.2-0ubuntu0~18.04.1 finished at Mon, 10 Mar 2025 12:16:13 +0000. Datasource DataSourceNoCloud [seed=/dev/sdb][dsmode=net].  Up 27.15 seconds
