[    0.000000] Linux version 4.15.0-212-generic (buildd@lcy02-amd64-083) (gcc version 7.5.0 (Ubuntu 7.5.0-3ubuntu1~18.04)) #223-Ubuntu SMP Tue May 23 13:09:22 UTC 2023 (Ubuntu 4.15.0-212.223-generic 4.15.18)
[    0.000000] Command line: BOOT_IMAGE=/boot/vmlinuz-4.15.0-212-generic root=LABEL=cloudimg-rootfs ro console=tty1 console=ttyS0
[    0.000000] KERNEL supported cpus:
[    0.000000]   Intel GenuineIntel
[    0.000000]   AMD AuthenticAMD
[    0.000000]   Centaur CentaurHauls
[    0.000000] [Firmware Bug]: TSC doesn't count with P0 frequency!
[    0.000000] x86/fpu: Supporting XSAVE feature 0x001: 'x87 floating point registers'
[    0.000000] x86/fpu: Supporting XSAVE feature 0x002: 'SSE registers'
[    0.000000] x86/fpu: Supporting XSAVE feature 0x004: 'AVX registers'
[    0.000000] x86/fpu: xstate_offset[2]:  576, xstate_sizes[2]:  256
[    0.000000] x86/fpu: Enabled xstate features 0x7, context size is 832 bytes, using 'standard' format.
[    0.000000] e820: BIOS-provided physical RAM map:
[    0.000000] BIOS-e820: [mem 0x0000000000000000-0x000000000009fbff] usable
[    0.000000] BIOS-e820: [mem 0x000000000009fc00-0x000000000009ffff] reserved
[    0.000000] BIOS-e820: [mem 0x00000000000f0000-0x00000000000fffff] reserved
[    0.000000] BIOS-e820: [mem 0x0000000000100000-0x00000000dffeffff] usable
[    0.000000] BIOS-e820: [mem 0x00000000dfff0000-0x00000000dfffffff] ACPI data
[    0.000000] BIOS-e820: [mem 0x00000000fec00000-0x00000000fec00fff] reserved
[    0.000000] BIOS-e820: [mem 0x00000000fee00000-0x00000000fee00fff] reserved
[    0.000000] BIOS-e820: [mem 0x00000000fffc0000-0x00000000ffffffff] reserved
[    0.000000] BIOS-e820: [mem 0x0000000100000000-0x000000011fffffff] usable
[    0.000000] NX (Execute Disable) protection: active
[    0.000000] SMBIOS 2.5 present.
[    0.000000] DMI: innotek GmbH VirtualBox/VirtualBox, BIOS VirtualBox 12/01/2006
[    0.000000] Hypervisor detected: KVM
[    0.000000] e820: last_pfn = 0x120000 max_arch_pfn = 0x400000000
[    0.000000] MTRR: Disabled
[    0.000000] x86/PAT: MTRRs disabled, skipping PAT initialization too.
[    0.000000] CPU MTRRs all blank - virtualized system.
[    0.000000] x86/PAT: Configuration [0-7]: WB  WT  UC- UC  WB  WT  UC- UC  
[    0.000000] e820: last_pfn = 0xdfff0 max_arch_pfn = 0x400000000
[    0.000000] found SMP MP-table at [mem 0x0009fff0-0x0009ffff]
[    0.000000] Scanning 1 areas for low memory corruption
[    0.000000] RAMDISK: [mem 0x359cb000-0x36cdcfff]
[    0.000000] ACPI: Early table checksum verification disabled
[    0.000000] ACPI: RSDP 0x00000000000E0000 000024 (v02 VBOX  )
[    0.000000] ACPI: XSDT 0x00000000DFFF0030 00003C (v01 VBOX   VBOXXSDT 00000001 ASL  00000061)
[    0.000000] ACPI: FACP 0x00000000DFFF00F0 0000F4 (v04 VBOX   VBOXFACP 00000001 ASL  00000061)
[    0.000000] ACPI: DSDT 0x00000000DFFF0610 002353 (v02 VBOX   VBOXBIOS 00000002 INTL 20100528)
[    0.000000] ACPI: FACS 0x00000000DFFF0200 000040
[    0.000000] ACPI: FACS 0x00000000DFFF0200 000040
[    0.000000] ACPI: APIC 0x00000000DFFF0240 00005C (v02 VBOX   VBOXAPIC 00000001 ASL  00000061)
[    0.000000] ACPI: SSDT 0x00000000DFFF02A0 00036C (v01 VBOX   VBOXCPUT 00000002 INTL 20100528)
[    0.000000] ACPI: Reserving FACP table memory at [mem 0xdfff00f0-0xdfff01e3]
[    0.000000] ACPI: Reserving DSDT table memory at [mem 0xdfff0610-0xdfff2962]
[    0.000000] ACPI: Reserving FACS table memory at [mem 0xdfff0200-0xdfff023f]
[    0.000000] ACPI: Reserving FACS table memory at [mem 0xdfff0200-0xdfff023f]
[    0.000000] ACPI: Reserving APIC table memory at [mem 0xdfff0240-0xdfff029b]
[    0.000000] ACPI: Reserving SSDT table memory at [mem 0xdfff02a0-0xdfff060b]
[    0.000000] No NUMA configuration found
[    0.000000] Faking a node at [mem 0x0000000000000000-0x000000011fffffff]
[    0.000000] NODE_DATA(0) allocated [mem 0x11ffd1000-0x11fffbfff]
[    0.000000] kvm-clock: cpu 0, msr 1:1ff50001, primary cpu clock
[    0.000000] kvm-clock: Using msrs 4b564d01 and 4b564d00
[    0.000000] kvm-clock: using sched offset of 3380202266 cycles
[    0.000000] clocksource: kvm-clock: mask: 0xffffffffffffffff max_cycles: 0x1cd42e4dffb, max_idle_ns: 881590591483 ns
[    0.000000] Zone ranges:
[    0.000000]   DMA      [mem 0x0000000000001000-0x0000000000ffffff]
[    0.000000]   DMA32    [mem 0x0000000001000000-0x00000000ffffffff]
[    0.000000]   Normal   [mem 0x0000000100000000-0x000000011fffffff]
[    0.000000]   Device   empty
[    0.000000] Movable zone start for each node
[    0.000000] Early memory node ranges
[    0.000000]   node   0: [mem 0x0000000000001000-0x000000000009efff]
[    0.000000]   node   0: [mem 0x0000000000100000-0x00000000dffeffff]
[    0.000000]   node   0: [mem 0x0000000100000000-0x000000011fffffff]
[    0.000000] Reserved but unavailable: 104 pages
[    0.000000] Initmem setup node 0 [mem 0x0000000000001000-0x000000011fffffff]
[    0.000000] ACPI: PM-Timer IO Port: 0x4008
[    0.000000] IOAPIC[0]: apic_id 2, version 32, address 0xfec00000, GSI 0-23
[    0.000000] ACPI: INT_SRC_OVR (bus 0 bus_irq 0 global_irq 2 dfl dfl)
[    0.000000] ACPI: INT_SRC_OVR (bus 0 bus_irq 9 global_irq 9 low level)
[    0.000000] Using ACPI (MADT) for SMP configuration information
[    0.000000] smpboot: Allowing 2 CPUs, 0 hotplug CPUs
[    0.000000] PM: Registered nosave memory: [mem 0x00000000-0x00000fff]
[    0.000000] PM: Registered nosave memory: [mem 0x0009f000-0x0009ffff]
[    0.000000] PM: Registered nosave memory: [mem 0x000a0000-0x000effff]
[    0.000000] PM: Registered nosave memory: [mem 0x000f0000-0x000fffff]
[    0.000000] PM: Registered nosave memory: [mem 0xdfff0000-0xdfffffff]
[    0.000000] PM: Registered nosave memory: [mem 0xe0000000-0xfebfffff]
[    0.000000] PM: Registered nosave memory: [mem 0xfec00000-0xfec00fff]
[    0.000000] PM: Registered nosave memory: [mem 0xfec01000-0xfedfffff]
[    0.000000] PM: Registered nosave memory: [mem 0xfee00000-0xfee00fff]
[    0.000000] PM: Registered nosave memory: [mem 0xfee01000-0xfffbffff]
[    0.000000] PM: Registered nosave memory: [mem 0xfffc0000-0xffffffff]
[    0.000000] e820: [mem 0xe0000000-0xfebfffff] available for PCI devices
[    0.000000] Booting paravirtualized kernel on KVM
[    0.000000] clocksource: refined-jiffies: mask: 0xffffffff max_cycles: 0xffffffff, max_idle_ns: 7645519600211568 ns
[    0.000000] setup_percpu: NR_CPUS:8192 nr_cpumask_bits:2 nr_cpu_ids:2 nr_node_ids:1
[    0.000000] percpu: Embedded 50 pages/cpu s167936 r8192 d28672 u1048576
[    0.000000] PV qspinlock hash table entries: 256 (order: 0, 4096 bytes)
[    0.000000] Built 1 zonelists, mobility grouping on.  Total pages: 1032057
[    0.000000] Policy zone: Normal
[    0.000000] Kernel command line: BOOT_IMAGE=/boot/vmlinuz-4.15.0-212-generic root=LABEL=cloudimg-rootfs ro console=tty1 console=ttyS0
[    0.000000] Memory: 4013252K/4193848K available (12300K kernel code, 2477K rwdata, 4324K rodata, 2480K init, 2720K bss, 180596K reserved, 0K cma-reserved)
[    0.000000] SLUB: HWalign=64, Order=0-3, MinObjects=0, CPUs=2, Nodes=1
[    0.000000] ftrace: allocating 39508 entries in 155 pages
[    0.004000] Hierarchical RCU implementation.
[    0.004000] 	RCU restricting CPUs from NR_CPUS=8192 to nr_cpu_ids=2.
[    0.004000] 	Tasks RCU enabled.
[    0.004000] RCU: Adjusting geometry for rcu_fanout_leaf=16, nr_cpu_ids=2
[    0.004000] NR_IRQS: 524544, nr_irqs: 440, preallocated irqs: 16
[    0.004000] random: crng init done
[    0.004000] Console: colour VGA+ 80x25
[    0.004000] console [tty1] enabled
[    0.004000] console [ttyS0] enabled
[    0.004000] ACPI: Core revision 20170831
[    0.004000] ACPI: 2 ACPI AML tables successfully acquired and loaded
[    0.004000] APIC: Switch to symmetric I/O mode setup
[    0.004000] x2apic enabled
[    0.004000] Switched APIC routing to physical x2apic.
[    0.004000] ..TIMER: vector=0x30 apic1=0 pin1=2 apic2=-1 pin2=-1
[    0.004000] tsc: Detected 3293.814 MHz processor
[    0.004000] Calibrating delay loop (skipped) preset value.. 6587.62 BogoMIPS (lpj=13175256)
[    0.004000] pid_max: default: 32768 minimum: 301
[    0.004000] Security Framework initialized
[    0.004000] Yama: becoming mindful.
[    0.004000] AppArmor: AppArmor initialized
[    0.004000] Dentry cache hash table entries: 524288 (order: 10, 4194304 bytes)
[    0.004000] Inode-cache hash table entries: 262144 (order: 9, 2097152 bytes)
[    0.004000] Mount-cache hash table entries: 8192 (order: 4, 65536 bytes)
[    0.004000] Mountpoint-cache hash table entries: 8192 (order: 4, 65536 bytes)
[    0.004000] Last level iTLB entries: 4KB 512, 2MB 512, 4MB 256
[    0.004000] Last level dTLB entries: 4KB 2048, 2MB 2048, 4MB 1024, 1GB 0
[    0.004000] Spectre V1 : Mitigation: usercopy/swapgs barriers and __user pointer sanitization
[    0.004000] Spectre V2 : Mitigation: Retpolines
[    0.004000] Spectre V2 : Spectre v2 / SpectreRSB mitigation: Filling RSB on context switch
[    0.004000] Spectre V2 : Spectre v2 / SpectreRSB : Filling RSB on VMEXIT
[    0.008149] Freeing SMP alternatives memory: 36K
[    0.138830] APIC calibration not consistent with PM-Timer: 114ms instead of 100ms
[    0.140000] APIC delta adjusted to PM-Timer: 6369144 (7315422)
[    0.140112] smpboot: CPU0: AMD Ryzen 5 5600H with Radeon Graphics (family: 0x19, model: 0x50, stepping: 0x0)
[    0.143521] Performance Events: PMU not available due to virtualization, using software events only.
[    0.144058] Hierarchical SRCU implementation.
[    0.149294] NMI watchdog: Perf event create on CPU 0 failed with -2
[    0.151381] NMI watchdog: Perf NMI watchdog permanently disabled
[    0.152081] smp: Bringing up secondary CPUs ...
[    0.156151] x86: Booting SMP configuration:
[    0.157523] .... node  #0, CPUs:      #1
[    0.004000] kvm-clock: cpu 1, msr 1:1ff50041, secondary cpu clock
[    0.162309] smp: Brought up 1 node, 2 CPUs
[    0.162309] smpboot: Max logical packages: 1
[    0.164009] smpboot: Total of 2 processors activated (13175.25 BogoMIPS)
[    0.165749] devtmpfs: initialized
[    0.165749] x86/mm: Memory block size: 128MB
[    0.166397] evm: security.selinux
[    0.167253] evm: security.SMACK64
[    0.168000] evm: security.SMACK64EXEC
[    0.168013] evm: security.SMACK64TRANSMUTE
[    0.169057] evm: security.SMACK64MMAP
[    0.170038] evm: security.apparmor
[    0.172004] evm: security.ima
[    0.172780] evm: security.capability
[    0.176130] clocksource: jiffies: mask: 0xffffffff max_cycles: 0xffffffff, max_idle_ns: 7645041785100000 ns
[    0.176130] futex hash table entries: 512 (order: 3, 32768 bytes)
[    0.177574] pinctrl core: initialized pinctrl subsystem
[    0.178946] RTC time: 12:25:14, date: 03/10/25
[    0.180173] NET: Registered protocol family 16
[    0.181421] audit: initializing netlink subsys (disabled)
[    0.184030] audit: type=2000 audit(1741609519.502:1): state=initialized audit_enabled=0 res=1
[    0.188003] cpuidle: using governor ladder
[    0.189062] cpuidle: using governor menu
[    0.189612] ACPI: bus type PCI registered
[    0.189612] acpiphp: ACPI Hot Plug PCI Controller Driver version: 0.5
[    0.192117] PCI: Using configuration type 1 for base access
[    0.193458] PCI: Using configuration type 1 for extended access
[    0.197242] HugeTLB registered 2.00 MiB page size, pre-allocated 0 pages
[    0.197629] ACPI: Added _OSI(Module Device)
[    0.200017] ACPI: Added _OSI(Processor Device)
[    0.201314] ACPI: Added _OSI(3.0 _SCP Extensions)
[    0.202481] ACPI: Added _OSI(Processor Aggregator Device)
[    0.203804] ACPI: Added _OSI(Linux-Dell-Video)
[    0.204005] ACPI: Added _OSI(Linux-Lenovo-NV-HDMI-Audio)
[    0.205364] ACPI: Added _OSI(Linux-HPI-Hybrid-Graphics)
[    0.207047] ACPI: Executed 1 blocks of module-level executable AML code
[    0.212776] ACPI: Interpreter enabled
[    0.213747] ACPI: (supports S0 S5)
[    0.214641] ACPI: Using IOAPIC for interrupt routing
[    0.216052] PCI: Using host bridge windows from ACPI; if necessary, use "pci=nocrs" and report a bug
[    0.219464] ACPI: Enabled 2 GPEs in block 00 to 07
[    0.226633] ACPI: PCI Root Bridge [PCI0] (domain 0000 [bus 00-ff])
[    0.228000] acpi PNP0A03:00: _OSC: OS supports [ExtendedConfig ASPM ClockPM Segments MSI]
[    0.229278] acpi PNP0A03:00: _OSC: platform does not support [PCIeCapability]
[    0.232798] acpi PNP0A03:00: _OSC: not requesting control; platform does not support [PCIeCapability]
[    0.234997] acpi PNP0A03:00: _OSC: OS requested [PCIeHotplug PME AER PCIeCapability]
[    0.236006] acpi PNP0A03:00: _OSC: platform willing to grant [PCIeHotplug PME AER]
[    0.237827] acpi PNP0A03:00: _OSC failed (AE_SUPPORT); disabling ASPM
[    0.240556] PCI host bridge to bus 0000:00
[    0.241588] pci_bus 0000:00: root bus resource [io  0x0000-0x0cf7 window]
[    0.243238] pci_bus 0000:00: root bus resource [io  0x0d00-0xffff window]
[    0.244005] pci_bus 0000:00: root bus resource [mem 0x000a0000-0x000bffff window]
[    0.245848] pci_bus 0000:00: root bus resource [mem 0xe0000000-0xfdffffff window]
[    0.248007] pci_bus 0000:00: root bus resource [bus 00-ff]
[    0.253363] pci 0000:00:01.1: legacy IDE quirk: reg 0x10: [io  0x01f0-0x01f7]
[    0.255045] pci 0000:00:01.1: legacy IDE quirk: reg 0x14: [io  0x03f6]
[    0.256007] pci 0000:00:01.1: legacy IDE quirk: reg 0x18: [io  0x0170-0x0177]
[    0.257804] pci 0000:00:01.1: legacy IDE quirk: reg 0x1c: [io  0x0376]
[    0.297157] pci 0000:00:07.0: quirk: [io  0x4000-0x403f] claimed by PIIX4 ACPI
[    0.299037] pci 0000:00:07.0: quirk: [io  0x4100-0x410f] claimed by PIIX4 SMB
[    0.330561] ACPI: PCI Interrupt Link [LNKA] (IRQs 5 9 10 *11)
[    0.332685] ACPI: PCI Interrupt Link [LNKB] (IRQs 5 9 *10 11)
[    0.334525] ACPI: PCI Interrupt Link [LNKC] (IRQs 5 *9 10 11)
[    0.336158] ACPI: PCI Interrupt Link [LNKD] (IRQs 5 9 10 *11)
[    0.338124] SCSI subsystem initialized
[    0.340126] pci 0000:00:02.0: vgaarb: setting as boot VGA device
[    0.342253] pci 0000:00:02.0: vgaarb: VGA device added: decodes=io+mem,owns=io+mem,locks=none
[    0.344009] pci 0000:00:02.0: vgaarb: bridge control possible
[    0.348003] vgaarb: loaded
[    0.348806] ACPI: bus type USB registered
[    0.349869] usbcore: registered new interface driver usbfs
[    0.352015] usbcore: registered new interface driver hub
[    0.353362] usbcore: registered new device driver usb
[    0.354666] EDAC MC: Ver: 3.0.0
[    0.356057] PCI: Using ACPI for IRQ routing
[    0.357178] NetLabel: Initializing
[    0.357301] NetLabel:  domain hash size = 128
[    0.358458] NetLabel:  protocols = UNLABELED CIPSOv4 CALIPSO
[    0.360021] NetLabel:  unlabeled traffic allowed by default
[    0.365306] clocksource: Switched to clocksource kvm-clock
[    0.369452] VFS: Disk quotas dquot_6.6.0
[    0.369452] VFS: Dquot-cache hash table entries: 512 (order 0, 4096 bytes)
[    0.369452] AppArmor: AppArmor Filesystem Enabled
[    0.369452] pnp: PnP ACPI init
[    0.369452] pnp: PnP ACPI: found 3 devices
[    0.400461] clocksource: acpi_pm: mask: 0xffffff max_cycles: 0xffffff, max_idle_ns: 2085701024 ns
[    0.403754] NET: Registered protocol family 2
[    0.404445] IP idents hash table entries: 65536 (order: 7, 524288 bytes)
[    0.408357] TCP established hash table entries: 32768 (order: 6, 262144 bytes)
[    0.410837] TCP bind hash table entries: 32768 (order: 7, 524288 bytes)
[    0.414476] TCP: Hash tables configured (established 32768 bind 32768)
[    0.416598] UDP hash table entries: 2048 (order: 4, 65536 bytes)
[    0.416889] UDP-Lite hash table entries: 2048 (order: 4, 65536 bytes)
[    0.416889] NET: Registered protocol family 1
[    0.416889] pci 0000:00:00.0: Limiting direct PCI/PCI transfers
[    0.416889] pci 0000:00:01.0: Activating ISA DMA hang workarounds
[    0.416889] pci 0000:00:02.0: Video device with shadowed ROM at [mem 0x000c0000-0x000dffff]
[    0.416889] Unpacking initramfs...
[    0.416889] Freeing initrd memory: 19528K
[    0.416889] PCI-DMA: Using software bounce buffering for IO (SWIOTLB)
[    0.416889] software IO TLB: mapped [mem 0xdbff0000-0xdfff0000] (64MB)
[    0.416889] clocksource: tsc: mask: 0xffffffffffffffff max_cycles: 0x2f7a78d8787, max_idle_ns: 440795347541 ns
[    0.416889] platform rtc_cmos: registered platform RTC device (no PNP device found)
[    0.416889] Scanning for low memory corruption every 60 seconds
[    0.826190] Initialise system trusted keyrings
[    0.827391] Key type blacklist registered
[    0.830034] workingset: timestamp_bits=36 max_order=20 bucket_order=0
[    0.833523] zbud: loaded
[    0.835022] squashfs: version 4.0 (2009/01/31) Phillip Lougher
[    0.836936] fuse init (API version 7.26)
[    0.843327] Key type asymmetric registered
[    0.844477] Asymmetric key parser 'x509' registered
[    0.845660] Block layer SCSI generic (bsg) driver version 0.4 loaded (major 246)
[    0.847476] io scheduler noop registered
[    0.848553] io scheduler deadline registered
[    0.849609] io scheduler cfq registered (default)
[    0.851059] ACPI: AC Adapter [AC] (off-line)
[    0.852105] input: Power Button as /devices/LNXSYSTM:00/LNXPWRBN:00/input/input0
[    0.853943] ACPI: Power Button [PWRF]
[    0.854913] input: Sleep Button as /devices/LNXSYSTM:00/LNXSLPBN:00/input/input1
[    0.856709] ACPI: Sleep Button [SLPF]
[    0.858818] ACPI: Battery Slot [BAT0] (battery present)
[    0.860269] Serial: 8250/16550 driver, 32 ports, IRQ sharing enabled
[    0.882864] 00:02: ttyS0 at I/O 0x3f8 (irq = 4, base_baud = 115200) is a 16550A
[    0.888191] Linux agpgart interface v0.103
[    0.892242] loop: module loaded
[    0.893890] scsi host0: ata_piix
[    0.894901] scsi host1: ata_piix
[    0.895788] ata1: PATA max UDMA/33 cmd 0x1f0 ctl 0x3f6 bmdma 0xd000 irq 14
[    0.897399] ata2: PATA max UDMA/33 cmd 0x170 ctl 0x376 bmdma 0xd008 irq 15
[    0.899418] tun: Universal TUN/TAP device driver, 1.6
[    0.900809] PPP generic driver version 2.4.2
[    0.902012] ehci_hcd: USB 2.0 'Enhanced' Host Controller (EHCI) Driver
[    0.903548] ehci-pci: EHCI PCI platform driver
[    0.904673] ehci-platform: EHCI generic platform driver
[    0.905904] ohci_hcd: USB 1.1 'Open' Host Controller (OHCI) Driver
[    0.907322] ohci-pci: OHCI PCI platform driver
[    0.908434] ohci-platform: OHCI generic platform driver
[    0.909724] uhci_hcd: USB Universal Host Controller Interface driver
[    0.911258] i8042: PNP: PS/2 Controller [PNP0303:PS2K,PNP0f03:PS2M] at 0x60,0x64 irq 1,12
[    0.913810] serio: i8042 KBD port at 0x60,0x64 irq 1
[    0.915008] serio: i8042 AUX port at 0x60,0x64 irq 12
[    0.916473] mousedev: PS/2 mouse device common for all mice
[    0.918699] input: AT Translated Set 2 keyboard as /devices/platform/i8042/serio0/input/input2
[    0.920543] rtc_cmos rtc_cmos: rtc core: registered rtc_cmos as rtc0
[    0.922379] rtc_cmos rtc_cmos: alarms up to one day, 114 bytes nvram
[    0.923839] i2c /dev entries driver
[    0.924785] device-mapper: uevent: version 1.0.3
[    0.925994] device-mapper: ioctl: 4.37.0-ioctl (2017-09-20) initialised: dm-devel@redhat.com
[    0.928007] ledtrig-cpu: registered to indicate activity on CPUs
[    0.929996] NET: Registered protocol family 10
[    0.936049] Segment Routing with IPv6
[    0.937067] NET: Registered protocol family 17
[    0.938325] Key type dns_resolver registered
[    0.939665] mce: Using 0 MCE banks
[    0.940630] RAS: Correctable Errors collector initialized.
[    0.941990] sched_clock: Marking stable (940578456, 0)->(1336953456, -396375000)
[    0.944474] registered taskstats version 1
[    0.945558] Loading compiled-in X.509 certificates
[    0.949594] Loaded X.509 cert 'Build time autogenerated kernel key: b5b26778eaa3ab3a4a6cee031137706e947d12ad'
[    0.952699] Loaded X.509 cert 'Canonical Ltd. Live Patch Signing: 14df34d1a87cf37625abec039ef2bf521249b969'
[    0.956765] Loaded X.509 cert 'Canonical Ltd. Kernel Module Signing: 88f752e560a1e0737e31163a466ad7b70a850c19'
[    0.959255] blacklist: Loading compiled-in revocation X.509 certificates
[    0.960872] Loaded X.509 cert 'Canonical Ltd. Secure Boot Signing: 61482aa2830d0ab2ad5af10b7250da9033ddcef0'
[    0.963263] Loaded X.509 cert 'Canonical Ltd. Secure Boot Signing (2017): 242ade75ac4a15e50d50c84b0d45ff3eae707a03'
[    0.965782] Loaded X.509 cert 'Canonical Ltd. Secure Boot Signing (ESM 2018): 365188c1d374d6b07c3c8f240f8ef722433d6a8b'
[    0.968373] Loaded X.509 cert 'Canonical Ltd. Secure Boot Signing (2019): c0746fd6c5da3ae827864651ad66ae47fe24b3e8'
[    0.970814] Loaded X.509 cert 'Canonical Ltd. Secure Boot Signing (2021 v1): a8d54bbb3825cfb94fa13c9f8a594a195c107b8d'
[    0.973326] Loaded X.509 cert 'Canonical Ltd. Secure Boot Signing (2021 v2): 4cf046892d6fd3c9a5b03f98d845f90851dc6a8c'
[    0.975806] Loaded X.509 cert 'Canonical Ltd. Secure Boot Signing (2021 v3): 100437bb6de6e469b581e61cd66bce3ef4ed53af'
[    0.978392] Loaded X.509 cert 'Canonical Ltd. Secure Boot Signing (Ubuntu Core 2019): c1d57b8f6b743f23ee41f4f7ee292f06eecadfb9'
[    0.981098] zswap: loaded using pool lzo/zbud
[    0.986408] Key type big_key registered
[    0.987406] Key type trusted registered
[    0.990499] Key type encrypted registered
[    0.991524] AppArmor: AppArmor sha1 policy hashing enabled
[    0.992860] ima: No TPM chip found, activating TPM-bypass! (rc=-19)
[    0.994358] ima: Allocated hash algorithm: sha1
[    0.995472] evm: HMAC attrs: 0x1
[    0.996704]   Magic number: 1:379:430
[    0.997753] rtc_cmos rtc_cmos: setting system clock to 2025-03-10 12:25:15 UTC (1741609515)
[    0.999968] BIOS EDD facility v0.16 2004-Jun-25, 0 devices found
[    1.001493] EDD information not available.
[    1.084735] Freeing unused kernel image memory: 2480K
[    1.096384] Write protecting the kernel read-only data: 20480k
[    1.098530] Freeing unused kernel image memory: 2008K
[    1.100189] Freeing unused kernel image memory: 1820K
[    1.109837] x86/mm: Checked W+X mappings: passed, no W+X pages found.
Loading, please wait...
starting version 237
[    1.215607] e1000: Intel(R) PRO/1000 Network Driver - version 7.3.21-k8-NAPI
[    1.218009] e1000: Copyright (c) 1999-2006 Intel Corporation.
[    1.224189] Fusion MPT base driver 3.04.20
[    1.225517] Copyright (c) 1999-2008 LSI Corporation
[    1.233338] Fusion MPT SPI Host driver 3.04.20
[    1.265926] AVX2 version of gcm_enc/dec engaged.
[    1.267546] AES CTR mode by8 optimization enabled
[    1.434511] input: ImExPS/2 Generic Explorer Mouse as /devices/platform/i8042/serio1/input/input4
[    1.654534] e1000 0000:00:03.0 eth0: (PCI:33MHz:32-bit) 02:3b:7b:b7:3b:2d
[    1.656207] e1000 0000:00:03.0 eth0: Intel(R) PRO/1000 Network Connection
[    1.658986] mptbase: ioc0: Initiating bringup
[    2.368563] ioc0: LSI53C1030 A0: Capabilities={Initiator}
[    2.610344] scsi host2: ioc0: LSI53C1030 A0, FwRev=00000000h, Ports=1, MaxQ=256, IRQ=20
[    3.544820] scsi 2:0:0:0: Direct-Access     VBOX     HARDDISK         1.0  PQ: 0 ANSI: 5
[    3.584048] scsi target2:0:0: Beginning Domain Validation
[    3.586972] scsi target2:0:0: Domain Validation skipping write tests
[    3.588868] scsi target2:0:0: Ending Domain Validation
[    3.590476] scsi target2:0:0: asynchronous
[    3.592506] scsi 2:0:1:0: Direct-Access     VBOX     HARDDISK         1.0  PQ: 0 ANSI: 5
[    3.816166] scsi target2:0:1: Beginning Domain Validation
[    3.818945] scsi target2:0:1: Domain Validation skipping write tests
[    3.820825] scsi target2:0:1: Ending Domain Validation
[    3.822439] scsi target2:0:1: asynchronous
[    3.829092] sd 2:0:0:0: [sda] 83886080 512-byte logical blocks: (42.9 GB/40.0 GiB)
[    3.831524] sd 2:0:0:0: [sda] Write Protect is off
[    3.833171] sd 2:0:0:0: [sda] Incomplete mode parameter data
[    3.834856] sd 2:0:0:0: [sda] Assuming drive cache: write through
[    3.836831] sd 2:0:0:0: Attached scsi generic sg0 type 0
[    3.839041] sd 2:0:1:0: Attached scsi generic sg1 type 0
[    3.841288] sd 2:0:1:0: [sdb] 20480 512-byte logical blocks: (10.5 MB/10.0 MiB)
[    3.843761] sd 2:0:1:0: [sdb] Write Protect is off
[    3.845391] sd 2:0:1:0: [sdb] Incomplete mode parameter data
[    3.847100] sd 2:0:1:0: [sdb] Assuming drive cache: write through
[    3.852190]  sda: sda1
[    3.853780] sd 2:0:0:0: [sda] Attached SCSI disk
[    3.856232] sd 2:0:1:0: [sdb] Attached SCSI disk
[    3.962793] e1000 0000:00:08.0 eth1: (PCI:33MHz:32-bit) 08:00:27:77:00:92
[    3.964520] e1000 0000:00:08.0 eth1: Intel(R) PRO/1000 Network Connection
[    3.967483] e1000 0000:00:08.0 enp0s8: renamed from eth1
[    4.086468] e1000 0000:00:03.0 enp0s3: renamed from eth0
Begin: Loading essential drivers ... [    5.818359] raid6: sse2x1   gen()  5145 MB/s
[    5.913914] raid6: sse2x1   xor()  8324 MB/s
[    5.979199] raid6: sse2x2   gen()  7614 MB/s
[    6.115649] raid6: sse2x2   xor() 11019 MB/s
[    6.204066] raid6: sse2x4   gen() 14013 MB/s
[    6.284185] raid6: sse2x4   xor()  4939 MB/s
[    6.348236] raid6: avx2x1   gen()  8120 MB/s
[    6.408129] raid6: avx2x1   xor() 10278 MB/s
[    6.503972] raid6: avx2x2   gen() 16849 MB/s
[    6.680068] raid6: avx2x2   xor() 14857 MB/s
[    6.760883] raid6: avx2x4   gen() 17969 MB/s
[    6.825890] raid6: avx2x4   xor()  9662 MB/s
[    6.827383] raid6: using algorithm avx2x4 gen() 17969 MB/s
[    6.828782] raid6: .... xor() 9662 MB/s, rmw enabled
[    6.829989] raid6: using avx2x2 recovery algorithm
[    6.832725] xor: automatically using best checksumming function   avx       
[    6.835700] async_tx: api initialized (async)
done.
Begin: Running /scripts/init-premount ... done.
Begin: Mounting root file system ... Begin: Running /scripts/local-top ... done.
Begin: Running /scripts/local-premount ... [    6.895599] Btrfs loaded, crc32c=crc32c-intel
Scanning for Btrfs filesystems
done.
Warning: fsck not present, so skipping root file system
[    6.942524] EXT4-fs (sda1): mounted filesystem with ordered data mode. Opts: (null)
done.
Begin: Running /scripts/local-bottom ... done.
Begin: Running /scripts/init-bottom ... done.
[    7.130017] ip_tables: (C) 2000-2006 Netfilter Core Team
[    7.143866] systemd[1]: systemd 237 running in system mode. (+PAM +AUDIT +SELINUX +IMA +APPARMOR +SMACK +SYSVINIT +UTMP +LIBCRYPTSETUP +GCRYPT +GNUTLS +ACL +XZ +LZ4 +SECCOMP +BLKID +ELFUTILS +KMOD -IDN2 +IDN -PCRE2 default-hierarchy=hybrid)
[    7.149244] systemd[1]: Detected virtualization oracle.
[    7.150554] systemd[1]: Detected architecture x86-64.

Welcome to [1mUbuntu 18.04.6 LTS[0m!

[    7.159201] systemd[1]: Set hostname to <ubuntu>.
[    7.164194] systemd[1]: Initializing machine ID from random generator.
[    7.165906] systemd[1]: Installed transient /etc/machine-id file.
[    7.424965] systemd[1]: Set up automount Arbitrary Executable File Formats File System Automount Point.
[[0;32m  OK  [0m] Set up automount Arbitrary Executab…rmats File System Automount Point.
[    7.430524] systemd[1]: Created slice User and Session Slice.
[[0;32m  OK  [0m] Created slice User and Session Slice.
[    7.433247] systemd[1]: Created slice System Slice.
[[0;32m  OK  [0m] Created slice System Slice.
[    7.435425] systemd[1]: Listening on udev Kernel Socket.
[[0;32m  OK  [0m] Listening on udev Kernel Socket.
[[0;32m  OK  [0m] Listening on Journal Socket.
         Mounting POSIX Message Queue File System...
[[0;32m  OK  [0m] Listening on Syslog Socket.
[[0;32m  OK  [0m] Listening on Device-mapper event daemon FIFOs.
[[0;32m  OK  [0m] Listening on fsck to fsckd communication Socket.
[[0;32m  OK  [0m] Listening on Network Service Netlink Socket.
         Mounting Huge Pages File System...
         Starting Load Kernel Modules...
[[0;32m  OK  [0m] Listening on udev Control Socket.
         Starting Set the console keyboard layout...
[[0;32m  OK  [0m] Listening on LVM2 poll daemon socket.
[[0;32m  OK  [0m] Reached target System Time Synchronized.
[[0;32m  OK  [0m] Reached target Swap.
[[0;32m  OK  [0m] Reached target User and Group Name Lookups.
         Starting Create list of required st…ce nodes for the current kernel...
[[0;32m  OK  [0m] Listening on Journal Socket (/dev/log).
         Starting udev Coldplug all Devices...
         Mounting Kernel Debug File System...
         Starting File System Check on Root Device...
[[0;32m  OK  [0m] Created slice system-serial\x2dgetty.slice.
[[0;32m  OK  [0m] Reached target Mounting snaps.
[[0;32m  OK  [0m] Reached target Mounted snaps.
[[0;32m  OK  [0m] Reached target Slices.
[[0;32m  OK  [0m] Listening on LVM2 metadata daemon socket.
         Starting Monitoring of LVM2 mirrors…ng dmeventd or progress polling...
[[0;32m  OK  [0m] Listening on Journal Audit Socket.
[[0;32m  OK  [0m] Listening on /dev/initctl Compatibility Named Pipe.
[[0;32m  OK  [0m] Started Forward Password Requests to Wall Directory Watch.
         Starting Journal Service...
         Starting Uncomplicated firewall...
[[0;32m  OK  [0m] Mounted POSIX Message Queue File System.
[[0;32m  OK  [0m] Mounted Huge Pages File System.
[[0;32m  OK  [0m] Started Create list of required sta…vice nodes for the current kernel.
[[0;32m  OK  [0m] Mounted Kernel Debug File System.
         Starting Create Static Device Nodes in /dev...
[[0;32m  OK  [0m] Started File System Check Daemon to report status.
[    7.524436] Loading iSCSI transport class v2.0-870.
[    7.534705] iscsi: registered transport (tcp)
[    7.559674] iscsi: registered transport (iser)
[[0;32m  OK  [0m] Started Load Kernel Modules.
         Starting Apply Kernel Variables...
         Mounting Kernel Configuration File System...
         Mounting FUSE Control File System...
[[0;32m  OK  [0m] Mounted Kernel Configuration File System.
[[0;32m  OK  [0m] Mounted FUSE Control File System.
[[0;32m  OK  [0m] Started udev Coldplug all Devices.
[[0;32m  OK  [0m] Started LVM2 metadata daemon.
[[0;32m  OK  [0m] Started Uncomplicated firewall.
[[0;32m  OK  [0m] Started Create Static Device Nodes in /dev.
[[0;32m  OK  [0m] Started Journal Service.
[[0;32m  OK  [0m] Started File System Check on Root Device.
         Starting Remount Root and Kernel File Systems...
[[0;32m  OK  [0m] Started Apply Kernel Variables.
[[0;32m  OK  [0m] Started Monitoring of LVM2 mirrors,…sing dmeventd or progress polling.
[[0;32m  OK  [0m] Started Remount Root and Kernel File Systems.
         Starting Flush Journal to Persistent Storage...
         Starting Load/Save Random Seed...
         Starting udev Kernel Device Manager...
[[0;32m  OK  [0m] Started Load/Save Random Seed.
[[0;32m  OK  [0m] Started udev Kernel Device Manager.
[[0;32m  OK  [0m] Started Flush Journal to Persistent Storage.
[[0;32m  OK  [0m] Found device /dev/ttyS0.
[[0;32m  OK  [0m] Listening on Load/Save RF Kill Switch Status /dev/rfkill Watch.
         Mounting Arbitrary Executable File Formats File System...
[[0;32m  OK  [0m] Mounted Arbitrary Executable File Formats File System.
[[0;32m  OK  [0m] Started Set the console keyboard layout.
[[0;32m  OK  [0m] Reached target Local File Systems (Pre).
[[0;32m  OK  [0m] Reached target Local File Systems.
         Starting Commit a transient machine-id on disk...
         Starting AppArmor initialization...
         Starting Set console font and keymap...
         Starting ebtables ruleset management...
         Starting Tell Plymouth To Write Out Runtime Data...
         Starting Create Volatile Files and Directories...
[[0;32m  OK  [0m] Started Dispatch Password Requests to Console Directory Watch.
[[0;32m  OK  [0m] Reached target Local Encrypted Volumes.
[[0;32m  OK  [0m] Started Tell Plymouth To Write Out Runtime Data.
[[0;32m  OK  [0m] Started Create Volatile Files and Directories.
         Starting Update UTMP about System Boot/Shutdown...
[[0;32m  OK  [0m] Started Update UTMP about System Boot/Shutdown.
[[0;32m  OK  [0m] Started Commit a transient machine-id on disk.
[[0;32m  OK  [0m] Started ebtables ruleset management.
[[0;32m  OK  [0m] Started Set console font and keymap.
[[0;32m  OK  [0m] Started AppArmor initialization.
         Starting Load AppArmor profiles managed internally by snapd...
         Starting Initial cloud-init job (pre-networking)...
[[0;32m  OK  [0m] Started Load AppArmor profiles managed internally by snapd.
[   14.276284] cloud-init[889]: Cloud-init v. 23.1.2-0ubuntu0~18.04.1 running 'init-local' at Mon, 10 Mar 2025 12:25:28 +0000. Up 13.73 seconds.
[[0;32m  OK  [0m] Started Initial cloud-init job (pre-networking).
[[0;32m  OK  [0m] Reached target Network (Pre).
         Starting Network Service...
[[0;32m  OK  [0m] Started Network Service.
         Starting Network Name Resolution...
         Starting Wait for Network to be Configured...
[[0;32m  OK  [0m] Started Network Name Resolution.
[[0;32m  OK  [0m] Reached target Host and Network Name Lookups.
[[0;32m  OK  [0m] Reached target Network.
[[0;32m  OK  [0m] Started Wait for Network to be Configured.
         Starting Initial cloud-init job (metadata service crawler)...
[   17.286432] cloud-init[1016]: Cloud-init v. 23.1.2-0ubuntu0~18.04.1 running 'init' at Mon, 10 Mar 2025 12:25:31 +0000. Up 16.98 seconds.
[   17.291587] cloud-init[1016]: ci-info: ++++++++++++++++++++++++++++++++++++++Net device info+++++++++++++++++++++++++++++++++++++++
[   17.308718] cloud-init[1016]: ci-info: +--------+-------+----------------------------+---------------+--------+-------------------+
[   17.311389] cloud-init[1016]: ci-info: | Device |   Up  |          Address           |      Mask     | Scope  |     Hw-Address    |
[   17.313835] cloud-init[1016]: ci-info: +--------+-------+----------------------------+---------------+--------+-------------------+
[   17.316439] cloud-init[1016]: ci-info: | enp0s3 |  True |         10.0.2.15          | 255.255.255.0 | global | 02:3b:7b:b7:3b:2d |
[   17.318813] cloud-init[1016]: ci-info: | enp0s3 |  True | fe80::3b:7bff:feb7:3b2d/64 |       .       |  link  | 02:3b:7b:b7:3b:2d |
[   17.322088] cloud-init[1016]: ci-info: | enp0s8 | False |             .              |       .       |   .    | 08:00:27:77:00:92 |
[   17.324570] cloud-init[1016]: ci-info: |   lo   |  True |         127.0.0.1          |   255.0.0.0   |  host  |         .         |
[   17.326889] cloud-init[1016]: ci-info: |   lo   |  True |          ::1/128           |       .       |  host  |         .         |
[   17.330027] cloud-init[1016]: ci-info: +--------+-------+----------------------------+---------------+--------+-------------------+
[   17.332857] cloud-init[1016]: ci-info: ++++++++++++++++++++++++++++Route IPv4 info+++++++++++++++++++++++++++++
[   17.335535] cloud-init[1016]: ci-info: +-------+-------------+----------+-----------------+-----------+-------+
[   17.348530] cloud-init[1016]: ci-info: | Route | Destination | Gateway  |     Genmask     | Interface | Flags |
[   17.351938] cloud-init[1016]: ci-info: +-------+-------------+----------+-----------------+-----------+-------+
[   17.354678] cloud-init[1016]: ci-info: |   0   |   0.0.0.0   | 10.0.2.2 |     0.0.0.0     |   enp0s3  |   UG  |
[   17.356930] cloud-init[1016]: ci-info: |   1   |   10.0.2.0  | 0.0.0.0  |  255.255.255.0  |   enp0s3  |   U   |
[   17.359093] cloud-init[1016]: ci-info: |   2   |   10.0.2.2  | 0.0.0.0  | 255.255.255.255 |   enp0s3  |   UH  |
[   17.361159] cloud-init[1016]: ci-info: +-------+-------------+----------+-----------------+-----------+-------+
[   17.363162] cloud-init[1016]: ci-info: +++++++++++++++++++Route IPv6 info+++++++++++++++++++
[   17.365042] cloud-init[1016]: ci-info: +-------+-------------+---------+-----------+-------+
[   17.366851] cloud-init[1016]: ci-info: | Route | Destination | Gateway | Interface | Flags |
[   17.368628] cloud-init[1016]: ci-info: +-------+-------------+---------+-----------+-------+
[   17.370410] cloud-init[1016]: ci-info: |   1   |  fe80::/64  |    ::   |   enp0s3  |   U   |
[   17.372603] cloud-init[1016]: ci-info: |   3   |    local    |    ::   |   enp0s3  |   U   |
[   17.374610] cloud-init[1016]: ci-info: |   4   |   ff00::/8  |    ::   |   enp0s3  |   U   |
[   17.376387] cloud-init[1016]: ci-info: +-------+-------------+---------+-----------+-------+
[   18.441144] cloud-init[1016]: Generating public/private rsa key pair.
[   18.442734] cloud-init[1016]: Your identification has been saved in /etc/ssh/ssh_host_rsa_key.
[   18.444317] cloud-init[1016]: Your public key has been saved in /etc/ssh/ssh_host_rsa_key.pub.
[   18.445666] cloud-init[1016]: The key fingerprint is:
[   18.446654] cloud-init[1016]: SHA256:I0i7e+CI4smGRZkdWaikt8XpDq/m8uJDa/G19ccPCHI root@ubuntu-bionic
[   18.448254] cloud-init[1016]: The key's randomart image is:
[   18.449385] cloud-init[1016]: +---[RSA 2048]----+
[   18.450313] cloud-init[1016]: |     +.          |
[   18.451173] cloud-init[1016]: |  . +            |
[   18.452015] cloud-init[1016]: | o *.o           |
[   18.452922] cloud-init[1016]: |. *.=o           |
[   18.453783] cloud-init[1016]: | o +o..ES        |
[   18.454631] cloud-init[1016]: | o+ oooo...      |
[   18.455536] cloud-init[1016]: |oo+*o.o ....     |
[   18.456438] cloud-init[1016]: |B=+.+o.  . o.    |
[   18.457310] cloud-init[1016]: |*@=...    . ..   |
[   18.472292] cloud-init[1016]: +----[SHA256]-----+
[   18.473141] cloud-init[1016]: Generating public/private dsa key pair.
[   18.474284] cloud-init[1016]: Your identification has been saved in /etc/ssh/ssh_host_dsa_key.
[   18.475701] cloud-init[1016]: Your public key has been saved in /etc/ssh/ssh_host_dsa_key.pub.
[   18.477231] cloud-init[1016]: The key fingerprint is:
[   18.478188] cloud-init[1016]: SHA256:SCE1w5OZFO9Rq1rlXhEcuJ8pZ9TUXz5MuAAOa3mk0rk root@ubuntu-bionic
[   18.479841] cloud-init[1016]: The key's randomart image is:
[   18.481247] cloud-init[1016]: +---[DSA 1024]----+
[   18.481999] cloud-init[1016]: |    .+B* oooo... |
[   18.482759] cloud-init[1016]: |     .B=O..o.o..o|
[   18.483633] cloud-init[1016]: |     ..Oooo.oo+.o|
[   18.484625] cloud-init[1016]: |     .ooo=. .o.oo|
[   18.498422] cloud-init[1016]: |      .ES .o.o  .|
[   18.532107] cloud-init[1016]: |       o ...*    |
[   18.534938] cloud-init[1016]: |      .   .+     |
[   18.536204] cloud-init[1016]: |                 |
[   18.537308] cloud-init[1016]: |                 |
[   18.538409] cloud-init[1016]: +----[SHA256]-----+
[   18.539288] cloud-init[1016]: Generating public/private ecdsa key pair.
[   18.540654] cloud-init[1016]: Your identification has been saved in /etc/ssh/ssh_host_ecdsa_key.
[   18.542235] cloud-init[1016]: Your public key has been saved in /etc/ssh/ssh_host_ecdsa_key.pub.
[   18.543863] cloud-init[1016]: The key fingerprint is:
[   18.544900] cloud-init[1016]: SHA256:aolO3i0NBctrBVg14b4nGCQXRY3xQNc8rQ0sWu9Kt18 root@ubuntu-bionic
[   18.546280] cloud-init[1016]: The key's randomart image is:
[   18.576320] cloud-init[1016]: +---[ECDSA 256]---+
[   18.577188] cloud-init[1016]: |     oo=X=.+ .   |
[   18.578146] cloud-init[1016]: |    . oo.=+ * .  |
[   18.579034] cloud-init[1016]: |    ..o+.o.o =   |
[   18.580023] cloud-init[1016]: |     +o.+   o .  |
[   18.580996] cloud-init[1016]: |      .+S  .     |
[   18.581907] cloud-init[1016]: |     .+= .. o    |
[   18.582873] cloud-init[1016]: |    o.=oo..o .  E|
[   18.584129] cloud-init[1016]: |   + o...o. .  . |
[   18.585034] cloud-init[1016]: |    o ...    ..  |
[   18.585972] cloud-init[1016]: +----[SHA256]-----+
[   18.586870] cloud-init[1016]: Generating public/private ed25519 key pair.
[   18.588138] cloud-init[1016]: Your identification has been saved in /etc/ssh/ssh_host_ed25519_key.
[   18.617657] [[0;32m  OK  [0m] Started Initial cloud-init job (metadata service crawler).
[[0;32m  OK  [0m] Reached target Cloud-config availability.
[[0;32m  OK  [0m] Reached target System Initialization.
[[0;32m  OK  [0m] Listening on Open-iSCSI iscsid Socket.
[[0;32m  OK  [0m] Started Daily Cleanup of Temporary Directories.
[[0;32m  OK  [0m] Listening on ACPID Listen Socket.
cloud-init[1016]: Your public key has been saved in /etc/ssh/ssh_host_ed25519_key.pub.
[   18.625055] cloud-init[1016]: The key fingerprint is:
[   18.626240] cloud-init[1016]: SHA256:+M0YE++90yM1zQS3MPsPKpcOjz5IC61FawUpAKV1l1A root@ubuntu-bionic
[   18.628387] cloud-init[1016]: The key's randomart image is:
[   18.630154] cloud-init[1016]: +--[ED25519 256]--+
[   18.631427] cloud-init[1016]: |  .o+.ooEo       |
[   18.633064] cloud-init[1016]: |   o ...+    o. .|
[   18.634054] [[0;32m  OK  [0m] Started ACPI Events Check.
cloud-init[[0;32m  OK  [0m] Started Discard unused blocks once a week.
[[0;32m  OK  [0m] Listening on cloud-init hotplug hook socket.
[1016]: |  .    ...    +o.|
[   18.637648]          Starting LXD - unix socket.
[[0;32m  OK  [0m] Listening on D-Bus System Message Bus Socket.
[[0;32m  OK  [0m] Reached target Paths.
         Starting Socket activation for snappy daemon.
cloud-init[1016]: [[0;32m  OK  [0m] Started Daily apt download activities.
[[0;32m  OK  [0m] Listening on UUID daemon activation socket.
[[0;32m  OK  [0m] Started Message of the Day.
[[0;32m  OK  [0m] Started Ubuntu Advantage Timer for running repeated jobs.
[[0;32m  OK  [0m] Started Daily apt upgrade and clean activities.
[[0;32m  OK  [0m] Reached target Timers.
[[0;32m  OK  [0m] Reached target Network is Online.
         Starting Availability of block devices...
[[0;32m  OK  [0m] Reached target Remote File Systems (Pre).
[[0;32m  OK  [0m] Reached target Remote File Systems.
[[0;32m  OK  [0m] Listening on LXD - unix socket.
[[0;32m  OK  [0m] Listening on Socket activation for snappy daemon.
[[0;32m  OK  [0m] Reached target Sockets.
[[0;32m  OK  [0m] Reached target Basic System.
|       ..o.  . ..|
         Starting Accounts Service...
[   18.668946] cloud-init[1016]: |      .oSo.   .+ |
[[0;32m  OK  [0m] Started Regular background program processing daemon.
[   18.676561]          Starting LXD - container startup/shutdown...
[[0;32m  OK  [0m] Reached target Login Prompts (Pre).
cloud-init[1016]: |      ..*B .  +.o|
[   18.685884] [[0;32m  OK  [0m] Started FUSE filesystem for LXC.
cloud-init[1016]: |       *oo= .= o.|
[   18.690932] cloud-init[1016]: |      . o o+*.o .|
[   18.693661] cloud-init[1016]: |         .o=+o . |
[   18.694954] cloud-init[1016]: +----[SHA256]-----+
         Starting Login Service...
[[0;32m  OK  [0m] Started Deferred execution scheduler.
         Starting Dispatcher daemon for systemd-networkd...
         Starting System Logging Service...
[[0;32m  OK  [0m] Started irqbalance daemon.
         Starting Pollinate to seed the pseudo random number generator...
         Starting LSB: automatic crash report generation...
[[0;32m  OK  [0m] Started D-Bus System Message Bus.
[[0;32m  OK  [0m] Started Login Service.
[[0;32m  OK  [0m] Started Unattended Upgrades Shutdown.
         Starting Virtualbox guest utils...
         Starting Permit User Sessions...
         Starting Snap Daemon...
         Starting LSB: Record successful boot for GRUB...
[[0;32m  OK  [0m] Started System Logging Service.
[[0;32m  OK  [0m] Started Availability of block devices.
[[0;32m  OK  [0m] Started LXD - container startup/shutdown.
[[0;32m  OK  [0m] Started Permit User Sessions.
         Starting Authorization Manager...
         Starting Terminate Plymouth Boot Screen...
         Starting Hold until boot process finishes up...
[[0;32m  OK  [0m] Started LSB: automatic crash report generation.
[[0;32m  OK  [0m] Started Hold until boot process finishes up.
[[0;32m  OK  [0m] Started Serial Getty on ttyS0.
         Starting Set console scheme...
[[0;32m  OK  [0m] Started Terminate Plymouth Boot Screen.
[[0;32m  OK  [0m] Started Set console scheme.
[[0;32m  OK  [0m] Created slice system-getty.slice.
[[0;32m  OK  [0m] Started Getty on tty1.
[[0;32m  OK  [0m] Reached target Login Prompts.
[[0;32m  OK  [0m] Started Authorization Manager.
[[0;32m  OK  [0m] Started Accounts Service.
[[0;32m  OK  [0m] Started LSB: Record successful boot for GRUB.
[[0;32m  OK  [0m] Started Virtualbox guest utils.
[[0;32m  OK  [0m] Started Dispatcher daemon for systemd-networkd.
[[0;32m  OK  [0m] Started Snap Daemon.
         Starting Wait until snapd is fully seeded...
         Starting Time & Date Service...
[[0;32m  OK  [0m] Started Time & Date Service.
[[0;32m  OK  [0m] Started Pollinate to seed the pseudo random number generator.
         Starting OpenBSD Secure Shell server...
[[0;32m  OK  [0m] Started OpenBSD Secure Shell server.
[[0;32m  OK  [0m] Created slice User Slice of vagrant.
         Starting User Manager for UID 1000...
[[0;32m  OK  [0m] Started Session 1 of user vagrant.
[[0;32m  OK  [0m] Started User Manager for UID 1000.

Ubuntu 18.04.6 LTS ubuntu-bionic ttyS0

ubuntu-bionic login: [   27.392858] cloud-init[1628]: Cloud-init v. 23.1.2-0ubuntu0~18.04.1 running 'modules:config' at Mon, 10 Mar 2025 12:25:41 +0000. Up 26.68 seconds.
ci-info: no authorized SSH keys fingerprints found for user ubuntu.
<14>Mar 10 12:25:43 cloud-init: #############################################################
<14>Mar 10 12:25:43 cloud-init: -----BEGIN SSH HOST KEY FINGERPRINTS-----
<14>Mar 10 12:25:43 cloud-init: 1024 SHA256:SCE1w5OZFO9Rq1rlXhEcuJ8pZ9TUXz5MuAAOa3mk0rk root@ubuntu-bionic (DSA)
<14>Mar 10 12:25:43 cloud-init: 256 SHA256:aolO3i0NBctrBVg14b4nGCQXRY3xQNc8rQ0sWu9Kt18 root@ubuntu-bionic (ECDSA)
<14>Mar 10 12:25:43 cloud-init: 256 SHA256:+M0YE++90yM1zQS3MPsPKpcOjz5IC61FawUpAKV1l1A root@ubuntu-bionic (ED25519)
<14>Mar 10 12:25:43 cloud-init: 2048 SHA256:I0i7e+CI4smGRZkdWaikt8XpDq/m8uJDa/G19ccPCHI root@ubuntu-bionic (RSA)
<14>Mar 10 12:25:43 cloud-init: -----END SSH HOST KEY FINGERPRINTS-----
<14>Mar 10 12:25:43 cloud-init: #############################################################
-----BEGIN SSH HOST KEY KEYS-----
ecdsa-sha2-nistp256 AAAAE2VjZHNhLXNoYTItbmlzdHAyNTYAAAAIbmlzdHAyNTYAAABBBG8dghon7Ak8lQQ9wNA/HN0LoFmw+sqSgiPM/aTEJlCzNRYGCZ3A1a5gSqgebLoW31u5v46UxSIIAzbej1fbZVY= root@ubuntu-bionic
ssh-ed25519 AAAAC3NzaC1lZDI1NTE5AAAAIPflSR85bJGnQKzMWA3OXiSHE8K476PHtLEeWvIRoXqa root@ubuntu-bionic
ssh-rsa AAAAB3NzaC1yc2EAAAADAQABAAABAQDDz2clIT8WvD+mhezLR3Orc21oONfoPVbgUDWwzZwHTbAVoAhqEZO/L6KmjdATzs623sJw9tcrDb5VApTqLQNZN7EUFydG1xAy3QkxdPbbynYKNyfB7/BPtLqnC7Fk+WKmG4qoT/SxMAxgt2IxkKqyd1yxzYr5XSk+7AISzZ5Q818aR20Ma8XVlo15xGJL1F/wAq5NWD79bdjnsbrgJRIHBokXeTmP/kBxOx24WN/T3U8L1WCQqrB+tRYymODn23A6KyWvk4qPWq/Hmg+2WfMhHYlBzhwEFad9YkABuGLx+YfczN0aKKmzh4YatTUVNaxzigtG0sf5ZirUOTU885r/ root@ubuntu-bionic
-----END SSH HOST KEY KEYS-----
[   28.813778] cloud-init[1794]: Cloud-init v. 23.1.2-0ubuntu0~18.04.1 running 'modules:final' at Mon, 10 Mar 2025 12:25:42 +0000. Up 28.43 seconds.
[   28.817010] cloud-init[1794]: Cloud-init v. 23.1.2-0ubuntu0~18.04.1 finished at Mon, 10 Mar 2025 12:25:43 +0000. Datasource DataSourceNoCloud [seed=/dev/sdb][dsmode=net].  Up 28.80 seconds
